total 4194  train samples
total 1799  val samples
train num:4194, val num:1799
hello SRS_R 
hello SRS_S 
train file dir:train.txt val file dir:val.txt
525 iterations per epoch
epoch [0/500] lr: 0.009982 train_loss : 0.8458, train_iou: 0.1325 - val_loss 0.3734 - val_iou 0.5228 - val_SE 0.6657 - val_PC 0.6426 - val_F1 0.6361 - val_ACC 0.9997
=> saved best model
epoch [1/500] lr: 0.009964 train_loss : 0.4025, train_iou: 0.4220 - val_loss 0.3484 - val_iou 0.5700 - val_SE 0.6575 - val_PC 0.6644 - val_F1 0.6559 - val_ACC 0.9997
=> saved best model
epoch [2/500] lr: 0.009946 train_loss : 0.3064, train_iou: 0.5303 - val_loss 0.3370 - val_iou 0.5735 - val_SE 0.7338 - val_PC 0.6358 - val_F1 0.6662 - val_ACC 0.9998
=> saved best model
epoch [3/500] lr: 0.009928 train_loss : 0.2446, train_iou: 0.6079 - val_loss 0.1847 - val_iou 0.7182 - val_SE 0.7939 - val_PC 0.8481 - val_F1 0.8175 - val_ACC 0.9999
=> saved best model
epoch [4/500] lr: 0.009910 train_loss : 0.2251, train_iou: 0.6298 - val_loss 0.1870 - val_iou 0.7198 - val_SE 0.8183 - val_PC 0.8272 - val_F1 0.8150 - val_ACC 0.9998
=> saved best model
epoch [5/500] lr: 0.009892 train_loss : 0.2170, train_iou: 0.6423 - val_loss 0.1789 - val_iou 0.7291 - val_SE 0.8722 - val_PC 0.7913 - val_F1 0.8236 - val_ACC 0.9998
=> saved best model
epoch [6/500] lr: 0.009874 train_loss : 0.1889, train_iou: 0.6849 - val_loss 0.1635 - val_iou 0.7518 - val_SE 0.8726 - val_PC 0.8135 - val_F1 0.8389 - val_ACC 0.9999
=> saved best model
epoch [7/500] lr: 0.009856 train_loss : 0.1884, train_iou: 0.6859 - val_loss 0.1621 - val_iou 0.7525 - val_SE 0.8843 - val_PC 0.8077 - val_F1 0.8402 - val_ACC 0.9999
=> saved best model
epoch [8/500] lr: 0.009838 train_loss : 0.1766, train_iou: 0.7031 - val_loss 0.1805 - val_iou 0.7189 - val_SE 0.8820 - val_PC 0.7779 - val_F1 0.8220 - val_ACC 0.9999
epoch [9/500] lr: 0.009820 train_loss : 0.1779, train_iou: 0.7030 - val_loss 0.1518 - val_iou 0.7652 - val_SE 0.8571 - val_PC 0.8476 - val_F1 0.8497 - val_ACC 0.9999
=> saved best model
epoch [10/500] lr: 0.009802 train_loss : 0.1669, train_iou: 0.7184 - val_loss 0.1592 - val_iou 0.7578 - val_SE 0.8325 - val_PC 0.8571 - val_F1 0.8425 - val_ACC 0.9999
epoch [11/500] lr: 0.009784 train_loss : 0.1630, train_iou: 0.7221 - val_loss 0.1440 - val_iou 0.7760 - val_SE 0.8689 - val_PC 0.8511 - val_F1 0.8574 - val_ACC 0.9999
=> saved best model
epoch [12/500] lr: 0.009766 train_loss : 0.1535, train_iou: 0.7343 - val_loss 0.1314 - val_iou 0.7921 - val_SE 0.8801 - val_PC 0.8621 - val_F1 0.8699 - val_ACC 0.9999
=> saved best model
epoch [13/500] lr: 0.009748 train_loss : 0.1483, train_iou: 0.7451 - val_loss 0.1337 - val_iou 0.7863 - val_SE 0.8814 - val_PC 0.8561 - val_F1 0.8673 - val_ACC 0.9999
epoch [14/500] lr: 0.009730 train_loss : 0.1509, train_iou: 0.7379 - val_loss 0.1379 - val_iou 0.7822 - val_SE 0.8692 - val_PC 0.8607 - val_F1 0.8633 - val_ACC 0.9999
epoch [15/500] lr: 0.009712 train_loss : 0.1481, train_iou: 0.7436 - val_loss 0.1407 - val_iou 0.7756 - val_SE 0.8895 - val_PC 0.8378 - val_F1 0.8607 - val_ACC 0.9999
epoch [16/500] lr: 0.009694 train_loss : 0.1446, train_iou: 0.7499 - val_loss 0.1280 - val_iou 0.7962 - val_SE 0.8818 - val_PC 0.8661 - val_F1 0.8731 - val_ACC 0.9999
=> saved best model
epoch [17/500] lr: 0.009675 train_loss : 0.1382, train_iou: 0.7592 - val_loss 0.1342 - val_iou 0.7905 - val_SE 0.8765 - val_PC 0.8677 - val_F1 0.8704 - val_ACC 0.9999
epoch [18/500] lr: 0.009657 train_loss : 0.1429, train_iou: 0.7507 - val_loss 0.1217 - val_iou 0.8034 - val_SE 0.8927 - val_PC 0.8682 - val_F1 0.8791 - val_ACC 0.9999
=> saved best model
epoch [19/500] lr: 0.009639 train_loss : 0.1448, train_iou: 0.7500 - val_loss 0.1402 - val_iou 0.7803 - val_SE 0.8586 - val_PC 0.8675 - val_F1 0.8620 - val_ACC 0.9999
epoch [20/500] lr: 0.009621 train_loss : 0.1408, train_iou: 0.7559 - val_loss 0.1288 - val_iou 0.7950 - val_SE 0.8845 - val_PC 0.8638 - val_F1 0.8722 - val_ACC 0.9999
epoch [21/500] lr: 0.009603 train_loss : 0.1599, train_iou: 0.7258 - val_loss 0.1612 - val_iou 0.7481 - val_SE 0.8534 - val_PC 0.8301 - val_F1 0.8402 - val_ACC 0.9999
epoch [22/500] lr: 0.009585 train_loss : 0.1494, train_iou: 0.7409 - val_loss 0.1335 - val_iou 0.7860 - val_SE 0.9021 - val_PC 0.8400 - val_F1 0.8675 - val_ACC 0.9999
epoch [23/500] lr: 0.009567 train_loss : 0.1386, train_iou: 0.7588 - val_loss 0.1319 - val_iou 0.7903 - val_SE 0.8793 - val_PC 0.8613 - val_F1 0.8691 - val_ACC 0.9999
epoch [24/500] lr: 0.009549 train_loss : 0.1368, train_iou: 0.7626 - val_loss 0.1301 - val_iou 0.7924 - val_SE 0.8624 - val_PC 0.8829 - val_F1 0.8711 - val_ACC 0.9999
epoch [25/500] lr: 0.009531 train_loss : 0.1334, train_iou: 0.7669 - val_loss 0.1256 - val_iou 0.7971 - val_SE 0.9025 - val_PC 0.8530 - val_F1 0.8756 - val_ACC 0.9999
epoch [26/500] lr: 0.009513 train_loss : 0.1304, train_iou: 0.7712 - val_loss 0.1236 - val_iou 0.8009 - val_SE 0.8943 - val_PC 0.8628 - val_F1 0.8771 - val_ACC 0.9999
epoch [27/500] lr: 0.009495 train_loss : 0.1370, train_iou: 0.7608 - val_loss 0.1183 - val_iou 0.8111 - val_SE 0.8895 - val_PC 0.8782 - val_F1 0.8828 - val_ACC 0.9999
=> saved best model
epoch [28/500] lr: 0.009476 train_loss : 0.1321, train_iou: 0.7684 - val_loss 0.1223 - val_iou 0.8042 - val_SE 0.8751 - val_PC 0.8837 - val_F1 0.8783 - val_ACC 0.9999
epoch [29/500] lr: 0.009458 train_loss : 0.1309, train_iou: 0.7709 - val_loss 0.1282 - val_iou 0.7943 - val_SE 0.8879 - val_PC 0.8608 - val_F1 0.8727 - val_ACC 0.9999
epoch [30/500] lr: 0.009440 train_loss : 0.1289, train_iou: 0.7727 - val_loss 0.1190 - val_iou 0.8045 - val_SE 0.9200 - val_PC 0.8499 - val_F1 0.8817 - val_ACC 0.9999
epoch [31/500] lr: 0.009422 train_loss : 0.1344, train_iou: 0.7660 - val_loss 0.1216 - val_iou 0.8053 - val_SE 0.8965 - val_PC 0.8658 - val_F1 0.8794 - val_ACC 0.9999
epoch [32/500] lr: 0.009404 train_loss : 0.1310, train_iou: 0.7705 - val_loss 0.1212 - val_iou 0.8051 - val_SE 0.8880 - val_PC 0.8731 - val_F1 0.8795 - val_ACC 0.9999
epoch [33/500] lr: 0.009386 train_loss : 0.1471, train_iou: 0.7445 - val_loss 0.1269 - val_iou 0.7932 - val_SE 0.9222 - val_PC 0.8356 - val_F1 0.8745 - val_ACC 0.9999
epoch [34/500] lr: 0.009368 train_loss : 0.1381, train_iou: 0.7588 - val_loss 0.1184 - val_iou 0.8107 - val_SE 0.9036 - val_PC 0.8654 - val_F1 0.8828 - val_ACC 0.9999
epoch [35/500] lr: 0.009350 train_loss : 0.1260, train_iou: 0.7785 - val_loss 0.1194 - val_iou 0.8043 - val_SE 0.9237 - val_PC 0.8465 - val_F1 0.8813 - val_ACC 0.9999
epoch [36/500] lr: 0.009332 train_loss : 0.1297, train_iou: 0.7721 - val_loss 0.1282 - val_iou 0.7951 - val_SE 0.9220 - val_PC 0.8367 - val_F1 0.8734 - val_ACC 0.9999
epoch [37/500] lr: 0.009313 train_loss : 0.1298, train_iou: 0.7728 - val_loss 0.1144 - val_iou 0.8162 - val_SE 0.9016 - val_PC 0.8743 - val_F1 0.8867 - val_ACC 0.9999
=> saved best model
epoch [38/500] lr: 0.009295 train_loss : 0.1285, train_iou: 0.7738 - val_loss 0.1284 - val_iou 0.7974 - val_SE 0.8982 - val_PC 0.8535 - val_F1 0.8730 - val_ACC 0.9999
epoch [39/500] lr: 0.009277 train_loss : 0.1551, train_iou: 0.7440 - val_loss 0.1441 - val_iou 0.7799 - val_SE 0.8957 - val_PC 0.8314 - val_F1 0.8576 - val_ACC 0.9999
epoch [40/500] lr: 0.009259 train_loss : 0.1350, train_iou: 0.7638 - val_loss 0.1155 - val_iou 0.8131 - val_SE 0.8985 - val_PC 0.8752 - val_F1 0.8854 - val_ACC 0.9999
epoch [41/500] lr: 0.009241 train_loss : 0.1474, train_iou: 0.7444 - val_loss 0.1185 - val_iou 0.8102 - val_SE 0.8863 - val_PC 0.8803 - val_F1 0.8824 - val_ACC 0.9999
epoch [42/500] lr: 0.009223 train_loss : 0.1321, train_iou: 0.7679 - val_loss 0.1705 - val_iou 0.7459 - val_SE 0.9050 - val_PC 0.7843 - val_F1 0.8315 - val_ACC 0.9998
epoch [43/500] lr: 0.009204 train_loss : 0.1541, train_iou: 0.7351 - val_loss 0.1131 - val_iou 0.8179 - val_SE 0.8992 - val_PC 0.8794 - val_F1 0.8881 - val_ACC 0.9999
=> saved best model
epoch [44/500] lr: 0.009186 train_loss : 0.1264, train_iou: 0.7769 - val_loss 0.1300 - val_iou 0.7863 - val_SE 0.9345 - val_PC 0.8214 - val_F1 0.8713 - val_ACC 0.9999
epoch [45/500] lr: 0.009168 train_loss : 0.1250, train_iou: 0.7801 - val_loss 0.1060 - val_iou 0.8276 - val_SE 0.9055 - val_PC 0.8876 - val_F1 0.8953 - val_ACC 0.9999
=> saved best model
epoch [46/500] lr: 0.009150 train_loss : 0.1278, train_iou: 0.7743 - val_loss 0.1124 - val_iou 0.8184 - val_SE 0.9016 - val_PC 0.8780 - val_F1 0.8887 - val_ACC 0.9999
epoch [47/500] lr: 0.009132 train_loss : 0.1196, train_iou: 0.7881 - val_loss 0.1123 - val_iou 0.8189 - val_SE 0.8963 - val_PC 0.8828 - val_F1 0.8887 - val_ACC 0.9999
epoch [48/500] lr: 0.009114 train_loss : 0.1188, train_iou: 0.7905 - val_loss 0.1101 - val_iou 0.8192 - val_SE 0.9240 - val_PC 0.8635 - val_F1 0.8910 - val_ACC 0.9999
epoch [49/500] lr: 0.009095 train_loss : 0.1163, train_iou: 0.7945 - val_loss 0.1112 - val_iou 0.8203 - val_SE 0.9021 - val_PC 0.8792 - val_F1 0.8897 - val_ACC 0.9999
epoch [50/500] lr: 0.009077 train_loss : 0.1152, train_iou: 0.7951 - val_loss 0.1020 - val_iou 0.8325 - val_SE 0.9195 - val_PC 0.8820 - val_F1 0.8990 - val_ACC 0.9999
=> saved best model
epoch [51/500] lr: 0.009059 train_loss : 0.1141, train_iou: 0.7985 - val_loss 0.1103 - val_iou 0.8213 - val_SE 0.9001 - val_PC 0.8841 - val_F1 0.8911 - val_ACC 0.9999
epoch [52/500] lr: 0.009041 train_loss : 0.1187, train_iou: 0.7928 - val_loss 0.1168 - val_iou 0.8120 - val_SE 0.8804 - val_PC 0.8897 - val_F1 0.8840 - val_ACC 0.9999
epoch [53/500] lr: 0.009023 train_loss : 0.1187, train_iou: 0.7903 - val_loss 0.1007 - val_iou 0.8367 - val_SE 0.9095 - val_PC 0.8923 - val_F1 0.9001 - val_ACC 0.9999
=> saved best model
epoch [54/500] lr: 0.009004 train_loss : 0.1146, train_iou: 0.7979 - val_loss 0.1112 - val_iou 0.8195 - val_SE 0.8858 - val_PC 0.8949 - val_F1 0.8896 - val_ACC 0.9999
epoch [55/500] lr: 0.008986 train_loss : 0.1101, train_iou: 0.8046 - val_loss 0.1074 - val_iou 0.8258 - val_SE 0.9016 - val_PC 0.8869 - val_F1 0.8934 - val_ACC 0.9999
epoch [56/500] lr: 0.008968 train_loss : 0.1164, train_iou: 0.7938 - val_loss 0.1068 - val_iou 0.8262 - val_SE 0.9073 - val_PC 0.8838 - val_F1 0.8944 - val_ACC 0.9999
epoch [57/500] lr: 0.008950 train_loss : 0.1164, train_iou: 0.7939 - val_loss 0.1061 - val_iou 0.8279 - val_SE 0.8890 - val_PC 0.9032 - val_F1 0.8948 - val_ACC 0.9999
epoch [58/500] lr: 0.008931 train_loss : 0.1175, train_iou: 0.7911 - val_loss 0.1046 - val_iou 0.8290 - val_SE 0.9266 - val_PC 0.8710 - val_F1 0.8964 - val_ACC 0.9999
epoch [59/500] lr: 0.008913 train_loss : 0.1151, train_iou: 0.7957 - val_loss 0.1105 - val_iou 0.8189 - val_SE 0.9111 - val_PC 0.8728 - val_F1 0.8904 - val_ACC 0.9999
epoch [60/500] lr: 0.008895 train_loss : 0.1196, train_iou: 0.7876 - val_loss 0.1108 - val_iou 0.8250 - val_SE 0.8931 - val_PC 0.8895 - val_F1 0.8901 - val_ACC 0.9999
epoch [61/500] lr: 0.008877 train_loss : 0.1197, train_iou: 0.7874 - val_loss 0.1108 - val_iou 0.8202 - val_SE 0.9242 - val_PC 0.8633 - val_F1 0.8905 - val_ACC 0.9999
epoch [62/500] lr: 0.008859 train_loss : 0.1133, train_iou: 0.7993 - val_loss 0.0985 - val_iou 0.8394 - val_SE 0.9212 - val_PC 0.8866 - val_F1 0.9024 - val_ACC 0.9999
=> saved best model
epoch [63/500] lr: 0.008840 train_loss : 0.1099, train_iou: 0.8046 - val_loss 0.1010 - val_iou 0.8354 - val_SE 0.9140 - val_PC 0.8881 - val_F1 0.8999 - val_ACC 0.9999
epoch [64/500] lr: 0.008822 train_loss : 0.1086, train_iou: 0.8067 - val_loss 0.0999 - val_iou 0.8381 - val_SE 0.9152 - val_PC 0.8894 - val_F1 0.9010 - val_ACC 0.9999
epoch [65/500] lr: 0.008804 train_loss : 0.1111, train_iou: 0.8028 - val_loss 0.1055 - val_iou 0.8296 - val_SE 0.8906 - val_PC 0.9022 - val_F1 0.8956 - val_ACC 0.9999
epoch [66/500] lr: 0.008786 train_loss : 0.1150, train_iou: 0.7958 - val_loss 0.1077 - val_iou 0.8245 - val_SE 0.9166 - val_PC 0.8745 - val_F1 0.8935 - val_ACC 0.9999
epoch [67/500] lr: 0.008767 train_loss : 0.1110, train_iou: 0.8022 - val_loss 0.1039 - val_iou 0.8270 - val_SE 0.9268 - val_PC 0.8713 - val_F1 0.8966 - val_ACC 0.9999
epoch [68/500] lr: 0.008749 train_loss : 0.1111, train_iou: 0.8020 - val_loss 0.1040 - val_iou 0.8334 - val_SE 0.9084 - val_PC 0.8877 - val_F1 0.8969 - val_ACC 0.9999
epoch [69/500] lr: 0.008731 train_loss : 0.1073, train_iou: 0.8090 - val_loss 0.1033 - val_iou 0.8308 - val_SE 0.9122 - val_PC 0.8846 - val_F1 0.8974 - val_ACC 0.9999
epoch [70/500] lr: 0.008712 train_loss : 0.1307, train_iou: 0.7718 - val_loss 0.1136 - val_iou 0.8189 - val_SE 0.9105 - val_PC 0.8690 - val_F1 0.8874 - val_ACC 0.9999
epoch [71/500] lr: 0.008694 train_loss : 0.1165, train_iou: 0.7932 - val_loss 0.1014 - val_iou 0.8326 - val_SE 0.9284 - val_PC 0.8750 - val_F1 0.8996 - val_ACC 0.9999
epoch [72/500] lr: 0.008676 train_loss : 0.1169, train_iou: 0.7924 - val_loss 0.1132 - val_iou 0.8174 - val_SE 0.9016 - val_PC 0.8765 - val_F1 0.8878 - val_ACC 0.9999
epoch [73/500] lr: 0.008658 train_loss : 0.1140, train_iou: 0.7978 - val_loss 0.1061 - val_iou 0.8293 - val_SE 0.8983 - val_PC 0.8932 - val_F1 0.8950 - val_ACC 0.9999
epoch [74/500] lr: 0.008639 train_loss : 0.1057, train_iou: 0.8111 - val_loss 0.1069 - val_iou 0.8282 - val_SE 0.8958 - val_PC 0.8937 - val_F1 0.8940 - val_ACC 0.9999
epoch [75/500] lr: 0.008621 train_loss : 0.1130, train_iou: 0.7978 - val_loss 0.1051 - val_iou 0.8316 - val_SE 0.9124 - val_PC 0.8820 - val_F1 0.8956 - val_ACC 0.9999
epoch [76/500] lr: 0.008603 train_loss : 0.1115, train_iou: 0.8019 - val_loss 0.0974 - val_iou 0.8416 - val_SE 0.9083 - val_PC 0.9005 - val_F1 0.9034 - val_ACC 0.9999
=> saved best model
epoch [77/500] lr: 0.008584 train_loss : 0.1064, train_iou: 0.8100 - val_loss 0.1000 - val_iou 0.8389 - val_SE 0.9090 - val_PC 0.8943 - val_F1 0.9008 - val_ACC 0.9999
epoch [78/500] lr: 0.008566 train_loss : 0.1257, train_iou: 0.7759 - val_loss 0.1043 - val_iou 0.8310 - val_SE 0.9197 - val_PC 0.8775 - val_F1 0.8965 - val_ACC 0.9999
epoch [79/500] lr: 0.008548 train_loss : 0.1139, train_iou: 0.7975 - val_loss 0.1026 - val_iou 0.8318 - val_SE 0.9233 - val_PC 0.8777 - val_F1 0.8984 - val_ACC 0.9999
epoch [80/500] lr: 0.008529 train_loss : 0.1128, train_iou: 0.7989 - val_loss 0.1025 - val_iou 0.8322 - val_SE 0.9203 - val_PC 0.8802 - val_F1 0.8982 - val_ACC 0.9999
epoch [81/500] lr: 0.008511 train_loss : 0.1076, train_iou: 0.8072 - val_loss 0.1015 - val_iou 0.8347 - val_SE 0.9105 - val_PC 0.8904 - val_F1 0.8994 - val_ACC 0.9999
epoch [82/500] lr: 0.008493 train_loss : 0.1080, train_iou: 0.8063 - val_loss 0.0992 - val_iou 0.8370 - val_SE 0.9243 - val_PC 0.8819 - val_F1 0.9014 - val_ACC 0.9999
epoch [83/500] lr: 0.008474 train_loss : 0.1063, train_iou: 0.8110 - val_loss 0.1033 - val_iou 0.8302 - val_SE 0.9212 - val_PC 0.8769 - val_F1 0.8973 - val_ACC 0.9999
epoch [84/500] lr: 0.008456 train_loss : 0.1062, train_iou: 0.8102 - val_loss 0.1149 - val_iou 0.8149 - val_SE 0.8959 - val_PC 0.8773 - val_F1 0.8858 - val_ACC 0.9999
epoch [85/500] lr: 0.008438 train_loss : 0.1044, train_iou: 0.8138 - val_loss 0.1106 - val_iou 0.8224 - val_SE 0.8976 - val_PC 0.8839 - val_F1 0.8902 - val_ACC 0.9999
epoch [86/500] lr: 0.008419 train_loss : 0.1020, train_iou: 0.8171 - val_loss 0.0967 - val_iou 0.8411 - val_SE 0.9290 - val_PC 0.8835 - val_F1 0.9041 - val_ACC 0.9999
epoch [87/500] lr: 0.008401 train_loss : 0.1011, train_iou: 0.8186 - val_loss 0.1009 - val_iou 0.8368 - val_SE 0.9064 - val_PC 0.8946 - val_F1 0.8998 - val_ACC 0.9999
epoch [88/500] lr: 0.008383 train_loss : 0.1033, train_iou: 0.8150 - val_loss 0.0990 - val_iou 0.8383 - val_SE 0.9156 - val_PC 0.8910 - val_F1 0.9018 - val_ACC 0.9999
epoch [89/500] lr: 0.008364 train_loss : 0.1049, train_iou: 0.8126 - val_loss 0.1016 - val_iou 0.8332 - val_SE 0.9101 - val_PC 0.8908 - val_F1 0.8992 - val_ACC 0.9999
epoch [90/500] lr: 0.008346 train_loss : 0.1035, train_iou: 0.8143 - val_loss 0.0964 - val_iou 0.8408 - val_SE 0.9291 - val_PC 0.8832 - val_F1 0.9042 - val_ACC 0.9999
epoch [91/500] lr: 0.008328 train_loss : 0.1004, train_iou: 0.8202 - val_loss 0.0985 - val_iou 0.8388 - val_SE 0.9189 - val_PC 0.8879 - val_F1 0.9023 - val_ACC 0.9999
epoch [92/500] lr: 0.008309 train_loss : 0.1008, train_iou: 0.8195 - val_loss 0.0941 - val_iou 0.8455 - val_SE 0.9161 - val_PC 0.8995 - val_F1 0.9068 - val_ACC 0.9999
=> saved best model
epoch [93/500] lr: 0.008291 train_loss : 0.0986, train_iou: 0.8230 - val_loss 0.1002 - val_iou 0.8369 - val_SE 0.9083 - val_PC 0.8943 - val_F1 0.9007 - val_ACC 0.9999
epoch [94/500] lr: 0.008273 train_loss : 0.0999, train_iou: 0.8212 - val_loss 0.0951 - val_iou 0.8440 - val_SE 0.9200 - val_PC 0.8931 - val_F1 0.9056 - val_ACC 0.9999
epoch [95/500] lr: 0.008254 train_loss : 0.1017, train_iou: 0.8178 - val_loss 0.0978 - val_iou 0.8403 - val_SE 0.9010 - val_PC 0.9057 - val_F1 0.9028 - val_ACC 0.9999
epoch [96/500] lr: 0.008236 train_loss : 0.1001, train_iou: 0.8203 - val_loss 0.0985 - val_iou 0.8371 - val_SE 0.9270 - val_PC 0.8809 - val_F1 0.9021 - val_ACC 0.9999
epoch [97/500] lr: 0.008217 train_loss : 0.0979, train_iou: 0.8244 - val_loss 0.0999 - val_iou 0.8361 - val_SE 0.9176 - val_PC 0.8866 - val_F1 0.9009 - val_ACC 0.9999
epoch [98/500] lr: 0.008199 train_loss : 0.0978, train_iou: 0.8245 - val_loss 0.1015 - val_iou 0.8353 - val_SE 0.8997 - val_PC 0.8998 - val_F1 0.8992 - val_ACC 0.9999
epoch [99/500] lr: 0.008181 train_loss : 0.1039, train_iou: 0.8144 - val_loss 0.0974 - val_iou 0.8418 - val_SE 0.9007 - val_PC 0.9085 - val_F1 0.9039 - val_ACC 0.9999
epoch [100/500] lr: 0.008162 train_loss : 0.1016, train_iou: 0.8183 - val_loss 0.0985 - val_iou 0.8396 - val_SE 0.9132 - val_PC 0.8929 - val_F1 0.9023 - val_ACC 0.9999
epoch [101/500] lr: 0.008144 train_loss : 0.0978, train_iou: 0.8247 - val_loss 0.1001 - val_iou 0.8384 - val_SE 0.9040 - val_PC 0.9002 - val_F1 0.9010 - val_ACC 0.9999
epoch [102/500] lr: 0.008125 train_loss : 0.1047, train_iou: 0.8133 - val_loss 0.0963 - val_iou 0.8439 - val_SE 0.9055 - val_PC 0.9052 - val_F1 0.9046 - val_ACC 0.9999
epoch [103/500] lr: 0.008107 train_loss : 0.1040, train_iou: 0.8131 - val_loss 0.1111 - val_iou 0.8218 - val_SE 0.9025 - val_PC 0.8795 - val_F1 0.8898 - val_ACC 0.9999
epoch [104/500] lr: 0.008088 train_loss : 0.1052, train_iou: 0.8113 - val_loss 0.0963 - val_iou 0.8435 - val_SE 0.9175 - val_PC 0.8934 - val_F1 0.9044 - val_ACC 0.9999
epoch [105/500] lr: 0.008070 train_loss : 0.0995, train_iou: 0.8215 - val_loss 0.0945 - val_iou 0.8472 - val_SE 0.9104 - val_PC 0.9032 - val_F1 0.9064 - val_ACC 0.9999
=> saved best model
epoch [106/500] lr: 0.008052 train_loss : 0.0970, train_iou: 0.8257 - val_loss 0.0965 - val_iou 0.8443 - val_SE 0.9107 - val_PC 0.9002 - val_F1 0.9044 - val_ACC 0.9999
epoch [107/500] lr: 0.008033 train_loss : 0.0969, train_iou: 0.8261 - val_loss 0.0996 - val_iou 0.8363 - val_SE 0.9298 - val_PC 0.8771 - val_F1 0.9012 - val_ACC 0.9999
epoch [108/500] lr: 0.008015 train_loss : 0.0987, train_iou: 0.8226 - val_loss 0.0944 - val_iou 0.8449 - val_SE 0.9170 - val_PC 0.8967 - val_F1 0.9061 - val_ACC 0.9999
epoch [109/500] lr: 0.007996 train_loss : 0.1011, train_iou: 0.8189 - val_loss 0.0985 - val_iou 0.8406 - val_SE 0.9099 - val_PC 0.8955 - val_F1 0.9020 - val_ACC 0.9999
epoch [110/500] lr: 0.007978 train_loss : 0.0998, train_iou: 0.8206 - val_loss 0.0989 - val_iou 0.8418 - val_SE 0.9205 - val_PC 0.8866 - val_F1 0.9021 - val_ACC 0.9999
epoch [111/500] lr: 0.007959 train_loss : 0.0988, train_iou: 0.8225 - val_loss 0.0993 - val_iou 0.8413 - val_SE 0.9137 - val_PC 0.8910 - val_F1 0.9014 - val_ACC 0.9999
epoch [112/500] lr: 0.007941 train_loss : 0.0973, train_iou: 0.8256 - val_loss 0.0970 - val_iou 0.8426 - val_SE 0.9104 - val_PC 0.8982 - val_F1 0.9036 - val_ACC 0.9999
epoch [113/500] lr: 0.007922 train_loss : 0.0970, train_iou: 0.8254 - val_loss 0.0927 - val_iou 0.8501 - val_SE 0.9206 - val_PC 0.8970 - val_F1 0.9080 - val_ACC 0.9999
=> saved best model
epoch [114/500] lr: 0.007904 train_loss : 0.0957, train_iou: 0.8277 - val_loss 0.1022 - val_iou 0.8342 - val_SE 0.9003 - val_PC 0.8977 - val_F1 0.8985 - val_ACC 0.9999
epoch [115/500] lr: 0.007885 train_loss : 0.0956, train_iou: 0.8273 - val_loss 0.0947 - val_iou 0.8461 - val_SE 0.9257 - val_PC 0.8895 - val_F1 0.9060 - val_ACC 0.9999
epoch [116/500] lr: 0.007867 train_loss : 0.0933, train_iou: 0.8322 - val_loss 0.0917 - val_iou 0.8512 - val_SE 0.9133 - val_PC 0.9058 - val_F1 0.9090 - val_ACC 0.9999
=> saved best model
epoch [117/500] lr: 0.007848 train_loss : 0.0944, train_iou: 0.8302 - val_loss 0.0950 - val_iou 0.8467 - val_SE 0.9075 - val_PC 0.9051 - val_F1 0.9057 - val_ACC 0.9999
epoch [118/500] lr: 0.007830 train_loss : 0.0958, train_iou: 0.8276 - val_loss 0.0919 - val_iou 0.8503 - val_SE 0.9221 - val_PC 0.8981 - val_F1 0.9091 - val_ACC 0.9999
epoch [119/500] lr: 0.007811 train_loss : 0.0948, train_iou: 0.8294 - val_loss 0.0921 - val_iou 0.8497 - val_SE 0.9173 - val_PC 0.9010 - val_F1 0.9084 - val_ACC 0.9999
epoch [120/500] lr: 0.007793 train_loss : 0.0966, train_iou: 0.8271 - val_loss 0.0940 - val_iou 0.8470 - val_SE 0.9181 - val_PC 0.8971 - val_F1 0.9067 - val_ACC 0.9999
epoch [121/500] lr: 0.007774 train_loss : 0.0965, train_iou: 0.8272 - val_loss 0.1018 - val_iou 0.8346 - val_SE 0.8949 - val_PC 0.9043 - val_F1 0.8989 - val_ACC 0.9999
epoch [122/500] lr: 0.007756 train_loss : 0.1011, train_iou: 0.8189 - val_loss 0.1109 - val_iou 0.8221 - val_SE 0.8999 - val_PC 0.8833 - val_F1 0.8901 - val_ACC 0.9999
epoch [123/500] lr: 0.007737 train_loss : 0.1005, train_iou: 0.8197 - val_loss 0.0954 - val_iou 0.8453 - val_SE 0.9162 - val_PC 0.8963 - val_F1 0.9053 - val_ACC 0.9999
epoch [124/500] lr: 0.007719 train_loss : 0.0985, train_iou: 0.8232 - val_loss 0.1000 - val_iou 0.8396 - val_SE 0.9026 - val_PC 0.9002 - val_F1 0.9007 - val_ACC 0.9999
epoch [125/500] lr: 0.007700 train_loss : 0.0942, train_iou: 0.8300 - val_loss 0.0958 - val_iou 0.8437 - val_SE 0.9212 - val_PC 0.8907 - val_F1 0.9048 - val_ACC 0.9999
epoch [126/500] lr: 0.007682 train_loss : 0.0931, train_iou: 0.8319 - val_loss 0.0960 - val_iou 0.8439 - val_SE 0.9210 - val_PC 0.8910 - val_F1 0.9047 - val_ACC 0.9999
epoch [127/500] lr: 0.007663 train_loss : 0.0958, train_iou: 0.8276 - val_loss 0.1223 - val_iou 0.8041 - val_SE 0.8945 - val_PC 0.8647 - val_F1 0.8782 - val_ACC 0.9999
epoch [128/500] lr: 0.007645 train_loss : 0.0993, train_iou: 0.8217 - val_loss 0.0997 - val_iou 0.8396 - val_SE 0.9037 - val_PC 0.9017 - val_F1 0.9016 - val_ACC 0.9999
epoch [129/500] lr: 0.007626 train_loss : 0.1002, train_iou: 0.8201 - val_loss 0.1029 - val_iou 0.8335 - val_SE 0.9018 - val_PC 0.8946 - val_F1 0.8978 - val_ACC 0.9999
epoch [130/500] lr: 0.007608 train_loss : 0.1056, train_iou: 0.8100 - val_loss 0.0973 - val_iou 0.8430 - val_SE 0.9138 - val_PC 0.8947 - val_F1 0.9035 - val_ACC 0.9999
epoch [131/500] lr: 0.007589 train_loss : 0.0984, train_iou: 0.8220 - val_loss 0.1017 - val_iou 0.8355 - val_SE 0.9238 - val_PC 0.8789 - val_F1 0.8990 - val_ACC 0.9999
epoch [132/500] lr: 0.007571 train_loss : 0.1004, train_iou: 0.8191 - val_loss 0.1019 - val_iou 0.8363 - val_SE 0.9103 - val_PC 0.8893 - val_F1 0.8988 - val_ACC 0.9999
epoch [133/500] lr: 0.007552 train_loss : 0.0996, train_iou: 0.8211 - val_loss 0.0913 - val_iou 0.8510 - val_SE 0.9133 - val_PC 0.9068 - val_F1 0.9095 - val_ACC 0.9999
epoch [134/500] lr: 0.007533 train_loss : 0.0957, train_iou: 0.8277 - val_loss 0.1036 - val_iou 0.8341 - val_SE 0.9033 - val_PC 0.8918 - val_F1 0.8970 - val_ACC 0.9999
epoch [135/500] lr: 0.007515 train_loss : 0.1370, train_iou: 0.7599 - val_loss 0.1296 - val_iou 0.8015 - val_SE 0.8755 - val_PC 0.8690 - val_F1 0.8712 - val_ACC 0.9999
epoch [136/500] lr: 0.007496 train_loss : 0.1080, train_iou: 0.8070 - val_loss 0.1131 - val_iou 0.8226 - val_SE 0.8998 - val_PC 0.8795 - val_F1 0.8878 - val_ACC 0.9999
epoch [137/500] lr: 0.007478 train_loss : 0.1083, train_iou: 0.8056 - val_loss 0.0991 - val_iou 0.8389 - val_SE 0.9098 - val_PC 0.8954 - val_F1 0.9018 - val_ACC 0.9999
epoch [138/500] lr: 0.007459 train_loss : 0.1011, train_iou: 0.8183 - val_loss 0.1012 - val_iou 0.8353 - val_SE 0.9117 - val_PC 0.8893 - val_F1 0.8996 - val_ACC 0.9999
epoch [139/500] lr: 0.007440 train_loss : 0.0972, train_iou: 0.8249 - val_loss 0.0908 - val_iou 0.8519 - val_SE 0.9167 - val_PC 0.9041 - val_F1 0.9098 - val_ACC 0.9999
=> saved best model
epoch [140/500] lr: 0.007422 train_loss : 0.0971, train_iou: 0.8250 - val_loss 0.0937 - val_iou 0.8455 - val_SE 0.9265 - val_PC 0.8902 - val_F1 0.9069 - val_ACC 0.9999
epoch [141/500] lr: 0.007403 train_loss : 0.0950, train_iou: 0.8287 - val_loss 0.0934 - val_iou 0.8478 - val_SE 0.9145 - val_PC 0.9009 - val_F1 0.9072 - val_ACC 0.9999
epoch [142/500] lr: 0.007385 train_loss : 0.0957, train_iou: 0.8277 - val_loss 0.0929 - val_iou 0.8489 - val_SE 0.9191 - val_PC 0.8981 - val_F1 0.9078 - val_ACC 0.9999
epoch [143/500] lr: 0.007366 train_loss : 0.0915, train_iou: 0.8347 - val_loss 0.0929 - val_iou 0.8476 - val_SE 0.9255 - val_PC 0.8926 - val_F1 0.9078 - val_ACC 0.9999
epoch [144/500] lr: 0.007347 train_loss : 0.0979, train_iou: 0.8244 - val_loss 0.1053 - val_iou 0.8289 - val_SE 0.8951 - val_PC 0.8969 - val_F1 0.8956 - val_ACC 0.9999
epoch [145/500] lr: 0.007329 train_loss : 0.1001, train_iou: 0.8202 - val_loss 0.0918 - val_iou 0.8499 - val_SE 0.9204 - val_PC 0.8992 - val_F1 0.9090 - val_ACC 0.9999
epoch [146/500] lr: 0.007310 train_loss : 0.0976, train_iou: 0.8233 - val_loss 0.1010 - val_iou 0.8361 - val_SE 0.9140 - val_PC 0.8881 - val_F1 0.8997 - val_ACC 0.9999
epoch [147/500] lr: 0.007292 train_loss : 0.1048, train_iou: 0.8123 - val_loss 0.1187 - val_iou 0.8113 - val_SE 0.8872 - val_PC 0.8788 - val_F1 0.8821 - val_ACC 0.9999
epoch [148/500] lr: 0.007273 train_loss : 0.1069, train_iou: 0.8095 - val_loss 0.1001 - val_iou 0.8352 - val_SE 0.9209 - val_PC 0.8830 - val_F1 0.9005 - val_ACC 0.9999
epoch [149/500] lr: 0.007254 train_loss : 0.1024, train_iou: 0.8162 - val_loss 0.0906 - val_iou 0.8522 - val_SE 0.9202 - val_PC 0.9016 - val_F1 0.9101 - val_ACC 0.9999
=> saved best model
epoch [150/500] lr: 0.007236 train_loss : 0.0961, train_iou: 0.8267 - val_loss 0.0927 - val_iou 0.8497 - val_SE 0.9175 - val_PC 0.9003 - val_F1 0.9081 - val_ACC 0.9999
epoch [151/500] lr: 0.007217 train_loss : 0.0956, train_iou: 0.8275 - val_loss 0.0971 - val_iou 0.8419 - val_SE 0.9153 - val_PC 0.8940 - val_F1 0.9039 - val_ACC 0.9999
epoch [152/500] lr: 0.007198 train_loss : 0.0920, train_iou: 0.8342 - val_loss 0.0896 - val_iou 0.8542 - val_SE 0.9157 - val_PC 0.9076 - val_F1 0.9112 - val_ACC 0.9999
=> saved best model
epoch [153/500] lr: 0.007180 train_loss : 0.0904, train_iou: 0.8366 - val_loss 0.0916 - val_iou 0.8510 - val_SE 0.9133 - val_PC 0.9062 - val_F1 0.9092 - val_ACC 0.9999
epoch [154/500] lr: 0.007161 train_loss : 0.0900, train_iou: 0.8375 - val_loss 0.0893 - val_iou 0.8546 - val_SE 0.9235 - val_PC 0.9011 - val_F1 0.9114 - val_ACC 0.9999
=> saved best model
epoch [155/500] lr: 0.007142 train_loss : 0.0924, train_iou: 0.8333 - val_loss 0.0945 - val_iou 0.8465 - val_SE 0.9114 - val_PC 0.9017 - val_F1 0.9061 - val_ACC 0.9999
epoch [156/500] lr: 0.007124 train_loss : 0.0950, train_iou: 0.8288 - val_loss 0.0965 - val_iou 0.8436 - val_SE 0.8983 - val_PC 0.9120 - val_F1 0.9044 - val_ACC 0.9999
epoch [157/500] lr: 0.007105 train_loss : 0.0898, train_iou: 0.8384 - val_loss 0.0886 - val_iou 0.8560 - val_SE 0.9165 - val_PC 0.9083 - val_F1 0.9120 - val_ACC 0.9999
=> saved best model
epoch [158/500] lr: 0.007086 train_loss : 0.0898, train_iou: 0.8382 - val_loss 0.0946 - val_iou 0.8462 - val_SE 0.9120 - val_PC 0.9008 - val_F1 0.9059 - val_ACC 0.9999
epoch [159/500] lr: 0.007067 train_loss : 0.0961, train_iou: 0.8277 - val_loss 0.0957 - val_iou 0.8441 - val_SE 0.9122 - val_PC 0.8986 - val_F1 0.9048 - val_ACC 0.9999
epoch [160/500] lr: 0.007049 train_loss : 0.0929, train_iou: 0.8318 - val_loss 0.0940 - val_iou 0.8466 - val_SE 0.9121 - val_PC 0.9022 - val_F1 0.9066 - val_ACC 0.9999
epoch [161/500] lr: 0.007030 train_loss : 0.0921, train_iou: 0.8334 - val_loss 0.0907 - val_iou 0.8524 - val_SE 0.9190 - val_PC 0.9026 - val_F1 0.9101 - val_ACC 0.9999
epoch [162/500] lr: 0.007011 train_loss : 0.0935, train_iou: 0.8315 - val_loss 0.1065 - val_iou 0.8277 - val_SE 0.9044 - val_PC 0.8856 - val_F1 0.8942 - val_ACC 0.9999
epoch [163/500] lr: 0.006993 train_loss : 0.0996, train_iou: 0.8210 - val_loss 0.0944 - val_iou 0.8463 - val_SE 0.9218 - val_PC 0.8930 - val_F1 0.9062 - val_ACC 0.9999
epoch [164/500] lr: 0.006974 train_loss : 0.0980, train_iou: 0.8236 - val_loss 0.0943 - val_iou 0.8493 - val_SE 0.9119 - val_PC 0.9018 - val_F1 0.9064 - val_ACC 0.9999
epoch [165/500] lr: 0.006955 train_loss : 0.0951, train_iou: 0.8282 - val_loss 0.0934 - val_iou 0.8485 - val_SE 0.9172 - val_PC 0.8991 - val_F1 0.9073 - val_ACC 0.9999
epoch [166/500] lr: 0.006936 train_loss : 0.0914, train_iou: 0.8346 - val_loss 0.0931 - val_iou 0.8489 - val_SE 0.9104 - val_PC 0.9052 - val_F1 0.9074 - val_ACC 0.9999
epoch [167/500] lr: 0.006918 train_loss : 0.0905, train_iou: 0.8368 - val_loss 0.0949 - val_iou 0.8460 - val_SE 0.9122 - val_PC 0.9004 - val_F1 0.9057 - val_ACC 0.9999
epoch [168/500] lr: 0.006899 train_loss : 0.0896, train_iou: 0.8381 - val_loss 0.0920 - val_iou 0.8500 - val_SE 0.9153 - val_PC 0.9029 - val_F1 0.9085 - val_ACC 0.9999
epoch [169/500] lr: 0.006880 train_loss : 0.0916, train_iou: 0.8349 - val_loss 0.0916 - val_iou 0.8494 - val_SE 0.9227 - val_PC 0.8970 - val_F1 0.9089 - val_ACC 0.9999
epoch [170/500] lr: 0.006861 train_loss : 0.0880, train_iou: 0.8412 - val_loss 0.0929 - val_iou 0.8489 - val_SE 0.9174 - val_PC 0.8999 - val_F1 0.9078 - val_ACC 0.9999
epoch [171/500] lr: 0.006843 train_loss : 0.0893, train_iou: 0.8384 - val_loss 0.0971 - val_iou 0.8411 - val_SE 0.9128 - val_PC 0.8955 - val_F1 0.9034 - val_ACC 0.9999
epoch [172/500] lr: 0.006824 train_loss : 0.0886, train_iou: 0.8399 - val_loss 0.0916 - val_iou 0.8503 - val_SE 0.9173 - val_PC 0.9025 - val_F1 0.9092 - val_ACC 0.9999
epoch [173/500] lr: 0.006805 train_loss : 0.0879, train_iou: 0.8409 - val_loss 0.0911 - val_iou 0.8520 - val_SE 0.9116 - val_PC 0.9082 - val_F1 0.9096 - val_ACC 0.9999
epoch [174/500] lr: 0.006786 train_loss : 0.0871, train_iou: 0.8424 - val_loss 0.0930 - val_iou 0.8491 - val_SE 0.9157 - val_PC 0.9011 - val_F1 0.9078 - val_ACC 0.9999
epoch [175/500] lr: 0.006767 train_loss : 0.0856, train_iou: 0.8446 - val_loss 0.0967 - val_iou 0.8440 - val_SE 0.9065 - val_PC 0.9025 - val_F1 0.9041 - val_ACC 0.9999
epoch [176/500] lr: 0.006749 train_loss : 0.0866, train_iou: 0.8429 - val_loss 0.0910 - val_iou 0.8523 - val_SE 0.9122 - val_PC 0.9078 - val_F1 0.9096 - val_ACC 0.9999
epoch [177/500] lr: 0.006730 train_loss : 0.0855, train_iou: 0.8449 - val_loss 0.0904 - val_iou 0.8522 - val_SE 0.9244 - val_PC 0.8980 - val_F1 0.9101 - val_ACC 0.9999
epoch [178/500] lr: 0.006711 train_loss : 0.0892, train_iou: 0.8385 - val_loss 0.0958 - val_iou 0.8463 - val_SE 0.9085 - val_PC 0.9020 - val_F1 0.9048 - val_ACC 0.9999
epoch [179/500] lr: 0.006692 train_loss : 0.0903, train_iou: 0.8362 - val_loss 0.0955 - val_iou 0.8440 - val_SE 0.9188 - val_PC 0.8936 - val_F1 0.9053 - val_ACC 0.9999
epoch [180/500] lr: 0.006673 train_loss : 0.0916, train_iou: 0.8347 - val_loss 0.0926 - val_iou 0.8497 - val_SE 0.9139 - val_PC 0.9033 - val_F1 0.9081 - val_ACC 0.9999
epoch [181/500] lr: 0.006654 train_loss : 0.1021, train_iou: 0.8164 - val_loss 0.0922 - val_iou 0.8495 - val_SE 0.9277 - val_PC 0.8921 - val_F1 0.9084 - val_ACC 0.9999
epoch [182/500] lr: 0.006636 train_loss : 0.0887, train_iou: 0.8392 - val_loss 0.0935 - val_iou 0.8475 - val_SE 0.9185 - val_PC 0.8973 - val_F1 0.9070 - val_ACC 0.9999
epoch [183/500] lr: 0.006617 train_loss : 0.0862, train_iou: 0.8437 - val_loss 0.0931 - val_iou 0.8501 - val_SE 0.9099 - val_PC 0.9064 - val_F1 0.9077 - val_ACC 0.9999
epoch [184/500] lr: 0.006598 train_loss : 0.0891, train_iou: 0.8387 - val_loss 0.0992 - val_iou 0.8403 - val_SE 0.9019 - val_PC 0.9021 - val_F1 0.9016 - val_ACC 0.9999
epoch [185/500] lr: 0.006579 train_loss : 0.0901, train_iou: 0.8371 - val_loss 0.0923 - val_iou 0.8506 - val_SE 0.9165 - val_PC 0.9015 - val_F1 0.9084 - val_ACC 0.9999
epoch [186/500] lr: 0.006560 train_loss : 0.0885, train_iou: 0.8398 - val_loss 0.1011 - val_iou 0.8367 - val_SE 0.9055 - val_PC 0.8945 - val_F1 0.8996 - val_ACC 0.9999
epoch [187/500] lr: 0.006541 train_loss : 0.0855, train_iou: 0.8450 - val_loss 0.0916 - val_iou 0.8515 - val_SE 0.9181 - val_PC 0.9014 - val_F1 0.9091 - val_ACC 0.9999
epoch [188/500] lr: 0.006522 train_loss : 0.0859, train_iou: 0.8440 - val_loss 0.0912 - val_iou 0.8515 - val_SE 0.9226 - val_PC 0.8981 - val_F1 0.9094 - val_ACC 0.9999
epoch [189/500] lr: 0.006504 train_loss : 0.0883, train_iou: 0.8401 - val_loss 0.0980 - val_iou 0.8412 - val_SE 0.9111 - val_PC 0.8954 - val_F1 0.9026 - val_ACC 0.9999
epoch [190/500] lr: 0.006485 train_loss : 0.0890, train_iou: 0.8392 - val_loss 0.0940 - val_iou 0.8484 - val_SE 0.9118 - val_PC 0.9021 - val_F1 0.9066 - val_ACC 0.9999
epoch [191/500] lr: 0.006466 train_loss : 0.0873, train_iou: 0.8417 - val_loss 0.1035 - val_iou 0.8314 - val_SE 0.9110 - val_PC 0.8853 - val_F1 0.8971 - val_ACC 0.9999
epoch [192/500] lr: 0.006447 train_loss : 0.0896, train_iou: 0.8384 - val_loss 0.0989 - val_iou 0.8433 - val_SE 0.9039 - val_PC 0.9021 - val_F1 0.9024 - val_ACC 0.9999
epoch [193/500] lr: 0.006428 train_loss : 0.0934, train_iou: 0.8311 - val_loss 0.0927 - val_iou 0.8499 - val_SE 0.9133 - val_PC 0.9044 - val_F1 0.9084 - val_ACC 0.9999
epoch [194/500] lr: 0.006409 train_loss : 0.0914, train_iou: 0.8346 - val_loss 0.0927 - val_iou 0.8499 - val_SE 0.9130 - val_PC 0.9042 - val_F1 0.9082 - val_ACC 0.9999
epoch [195/500] lr: 0.006390 train_loss : 0.0897, train_iou: 0.8386 - val_loss 0.0953 - val_iou 0.8456 - val_SE 0.9160 - val_PC 0.8964 - val_F1 0.9053 - val_ACC 0.9999
epoch [196/500] lr: 0.006371 train_loss : 0.0891, train_iou: 0.8390 - val_loss 0.1095 - val_iou 0.8226 - val_SE 0.8969 - val_PC 0.8861 - val_F1 0.8911 - val_ACC 0.9999
epoch [197/500] lr: 0.006352 train_loss : 0.0872, train_iou: 0.8420 - val_loss 0.0926 - val_iou 0.8498 - val_SE 0.9102 - val_PC 0.9065 - val_F1 0.9080 - val_ACC 0.9999
epoch [198/500] lr: 0.006333 train_loss : 0.0868, train_iou: 0.8428 - val_loss 0.0926 - val_iou 0.8496 - val_SE 0.9134 - val_PC 0.9034 - val_F1 0.9078 - val_ACC 0.9999
epoch [199/500] lr: 0.006314 train_loss : 0.0922, train_iou: 0.8333 - val_loss 0.1010 - val_iou 0.8369 - val_SE 0.9059 - val_PC 0.8947 - val_F1 0.8997 - val_ACC 0.9999
epoch [200/500] lr: 0.006296 train_loss : 0.0842, train_iou: 0.8468 - val_loss 0.0932 - val_iou 0.8480 - val_SE 0.9193 - val_PC 0.8972 - val_F1 0.9073 - val_ACC 0.9999
epoch [201/500] lr: 0.006277 train_loss : 0.0850, train_iou: 0.8456 - val_loss 0.0937 - val_iou 0.8476 - val_SE 0.9172 - val_PC 0.8978 - val_F1 0.9068 - val_ACC 0.9999
epoch [202/500] lr: 0.006258 train_loss : 0.0854, train_iou: 0.8454 - val_loss 0.0910 - val_iou 0.8521 - val_SE 0.9175 - val_PC 0.9028 - val_F1 0.9095 - val_ACC 0.9999
epoch [203/500] lr: 0.006239 train_loss : 0.0837, train_iou: 0.8479 - val_loss 0.0926 - val_iou 0.8515 - val_SE 0.9102 - val_PC 0.9077 - val_F1 0.9086 - val_ACC 0.9999
epoch [204/500] lr: 0.006220 train_loss : 0.0861, train_iou: 0.8438 - val_loss 0.0946 - val_iou 0.8472 - val_SE 0.9126 - val_PC 0.9007 - val_F1 0.9061 - val_ACC 0.9999
epoch [205/500] lr: 0.006201 train_loss : 0.0859, train_iou: 0.8442 - val_loss 0.0929 - val_iou 0.8490 - val_SE 0.9112 - val_PC 0.9050 - val_F1 0.9076 - val_ACC 0.9999
epoch [206/500] lr: 0.006182 train_loss : 0.0888, train_iou: 0.8394 - val_loss 0.0871 - val_iou 0.8583 - val_SE 0.9181 - val_PC 0.9097 - val_F1 0.9135 - val_ACC 0.9999
=> saved best model
epoch [207/500] lr: 0.006163 train_loss : 0.0864, train_iou: 0.8430 - val_loss 0.0922 - val_iou 0.8504 - val_SE 0.9170 - val_PC 0.9008 - val_F1 0.9082 - val_ACC 0.9999
epoch [208/500] lr: 0.006144 train_loss : 0.0882, train_iou: 0.8408 - val_loss 0.0921 - val_iou 0.8506 - val_SE 0.9085 - val_PC 0.9097 - val_F1 0.9085 - val_ACC 0.9999
epoch [209/500] lr: 0.006125 train_loss : 0.0855, train_iou: 0.8446 - val_loss 0.0937 - val_iou 0.8482 - val_SE 0.9148 - val_PC 0.9003 - val_F1 0.9070 - val_ACC 0.9999
epoch [210/500] lr: 0.006106 train_loss : 0.0836, train_iou: 0.8477 - val_loss 0.0894 - val_iou 0.8554 - val_SE 0.9172 - val_PC 0.9061 - val_F1 0.9112 - val_ACC 0.9999
epoch [211/500] lr: 0.006087 train_loss : 0.0814, train_iou: 0.8515 - val_loss 0.0882 - val_iou 0.8576 - val_SE 0.9176 - val_PC 0.9082 - val_F1 0.9125 - val_ACC 0.9999
epoch [212/500] lr: 0.006068 train_loss : 0.0833, train_iou: 0.8489 - val_loss 0.0925 - val_iou 0.8502 - val_SE 0.9122 - val_PC 0.9050 - val_F1 0.9082 - val_ACC 0.9999
epoch [213/500] lr: 0.006049 train_loss : 0.0823, train_iou: 0.8503 - val_loss 0.0942 - val_iou 0.8473 - val_SE 0.9130 - val_PC 0.9008 - val_F1 0.9064 - val_ACC 0.9999
epoch [214/500] lr: 0.006030 train_loss : 0.0819, train_iou: 0.8515 - val_loss 0.0940 - val_iou 0.8484 - val_SE 0.9144 - val_PC 0.8999 - val_F1 0.9066 - val_ACC 0.9999
epoch [215/500] lr: 0.006011 train_loss : 0.0825, train_iou: 0.8497 - val_loss 0.0946 - val_iou 0.8460 - val_SE 0.9240 - val_PC 0.8907 - val_F1 0.9059 - val_ACC 0.9999
epoch [216/500] lr: 0.005992 train_loss : 0.0846, train_iou: 0.8463 - val_loss 0.0907 - val_iou 0.8532 - val_SE 0.9118 - val_PC 0.9088 - val_F1 0.9099 - val_ACC 0.9999
epoch [217/500] lr: 0.005972 train_loss : 0.0871, train_iou: 0.8425 - val_loss 0.0902 - val_iou 0.8538 - val_SE 0.9158 - val_PC 0.9056 - val_F1 0.9102 - val_ACC 0.9999
epoch [218/500] lr: 0.005953 train_loss : 0.0825, train_iou: 0.8500 - val_loss 0.0868 - val_iou 0.8588 - val_SE 0.9157 - val_PC 0.9128 - val_F1 0.9138 - val_ACC 0.9999
=> saved best model
epoch [219/500] lr: 0.005934 train_loss : 0.0862, train_iou: 0.8436 - val_loss 0.0906 - val_iou 0.8530 - val_SE 0.9189 - val_PC 0.9024 - val_F1 0.9100 - val_ACC 0.9999
epoch [220/500] lr: 0.005915 train_loss : 0.0839, train_iou: 0.8478 - val_loss 0.0885 - val_iou 0.8567 - val_SE 0.9186 - val_PC 0.9070 - val_F1 0.9122 - val_ACC 0.9999
epoch [221/500] lr: 0.005896 train_loss : 0.0825, train_iou: 0.8505 - val_loss 0.0954 - val_iou 0.8458 - val_SE 0.9096 - val_PC 0.9016 - val_F1 0.9052 - val_ACC 0.9999
epoch [222/500] lr: 0.005877 train_loss : 0.0827, train_iou: 0.8499 - val_loss 0.0909 - val_iou 0.8519 - val_SE 0.9182 - val_PC 0.9028 - val_F1 0.9098 - val_ACC 0.9999
epoch [223/500] lr: 0.005858 train_loss : 0.0818, train_iou: 0.8514 - val_loss 0.0898 - val_iou 0.8535 - val_SE 0.9231 - val_PC 0.9001 - val_F1 0.9107 - val_ACC 0.9999
epoch [224/500] lr: 0.005839 train_loss : 0.0807, train_iou: 0.8532 - val_loss 0.0944 - val_iou 0.8471 - val_SE 0.9190 - val_PC 0.8955 - val_F1 0.9063 - val_ACC 0.9999
epoch [225/500] lr: 0.005820 train_loss : 0.0809, train_iou: 0.8524 - val_loss 0.0971 - val_iou 0.8417 - val_SE 0.9177 - val_PC 0.8913 - val_F1 0.9035 - val_ACC 0.9999
epoch [226/500] lr: 0.005801 train_loss : 0.0803, train_iou: 0.8535 - val_loss 0.0944 - val_iou 0.8468 - val_SE 0.9162 - val_PC 0.8976 - val_F1 0.9059 - val_ACC 0.9999
epoch [227/500] lr: 0.005782 train_loss : 0.0814, train_iou: 0.8519 - val_loss 0.0923 - val_iou 0.8509 - val_SE 0.9142 - val_PC 0.9033 - val_F1 0.9083 - val_ACC 0.9999
epoch [228/500] lr: 0.005762 train_loss : 0.0805, train_iou: 0.8531 - val_loss 0.0917 - val_iou 0.8522 - val_SE 0.9158 - val_PC 0.9033 - val_F1 0.9089 - val_ACC 0.9999
epoch [229/500] lr: 0.005743 train_loss : 0.0804, train_iou: 0.8538 - val_loss 0.0943 - val_iou 0.8467 - val_SE 0.9169 - val_PC 0.8969 - val_F1 0.9061 - val_ACC 0.9999
epoch [230/500] lr: 0.005724 train_loss : 0.0796, train_iou: 0.8546 - val_loss 0.0944 - val_iou 0.8462 - val_SE 0.9201 - val_PC 0.8947 - val_F1 0.9063 - val_ACC 0.9999
epoch [231/500] lr: 0.005705 train_loss : 0.0823, train_iou: 0.8493 - val_loss 0.0867 - val_iou 0.8590 - val_SE 0.9276 - val_PC 0.9025 - val_F1 0.9140 - val_ACC 0.9999
=> saved best model
epoch [232/500] lr: 0.005686 train_loss : 0.0794, train_iou: 0.8552 - val_loss 0.0943 - val_iou 0.8465 - val_SE 0.9204 - val_PC 0.8947 - val_F1 0.9063 - val_ACC 0.9999
epoch [233/500] lr: 0.005667 train_loss : 0.0798, train_iou: 0.8548 - val_loss 0.0959 - val_iou 0.8446 - val_SE 0.9133 - val_PC 0.8973 - val_F1 0.9047 - val_ACC 0.9999
epoch [234/500] lr: 0.005647 train_loss : 0.0803, train_iou: 0.8542 - val_loss 0.0971 - val_iou 0.8418 - val_SE 0.9159 - val_PC 0.8930 - val_F1 0.9035 - val_ACC 0.9999
epoch [235/500] lr: 0.005628 train_loss : 0.0796, train_iou: 0.8550 - val_loss 0.0954 - val_iou 0.8446 - val_SE 0.9184 - val_PC 0.8940 - val_F1 0.9052 - val_ACC 0.9999
epoch [236/500] lr: 0.005609 train_loss : 0.0816, train_iou: 0.8510 - val_loss 0.0909 - val_iou 0.8516 - val_SE 0.9239 - val_PC 0.8977 - val_F1 0.9097 - val_ACC 0.9999
epoch [237/500] lr: 0.005590 train_loss : 0.0813, train_iou: 0.8524 - val_loss 0.0940 - val_iou 0.8470 - val_SE 0.9179 - val_PC 0.8972 - val_F1 0.9067 - val_ACC 0.9999
epoch [238/500] lr: 0.005571 train_loss : 0.0888, train_iou: 0.8383 - val_loss 0.0948 - val_iou 0.8468 - val_SE 0.9030 - val_PC 0.9100 - val_F1 0.9059 - val_ACC 0.9999
epoch [239/500] lr: 0.005551 train_loss : 0.0846, train_iou: 0.8461 - val_loss 0.0958 - val_iou 0.8451 - val_SE 0.9111 - val_PC 0.8997 - val_F1 0.9048 - val_ACC 0.9999
epoch [240/500] lr: 0.005532 train_loss : 0.0857, train_iou: 0.8443 - val_loss 0.0908 - val_iou 0.8535 - val_SE 0.9159 - val_PC 0.9042 - val_F1 0.9096 - val_ACC 0.9999
epoch [241/500] lr: 0.005513 train_loss : 0.0806, train_iou: 0.8534 - val_loss 0.0877 - val_iou 0.8577 - val_SE 0.9169 - val_PC 0.9093 - val_F1 0.9128 - val_ACC 0.9999
epoch [242/500] lr: 0.005494 train_loss : 0.0808, train_iou: 0.8529 - val_loss 0.0871 - val_iou 0.8582 - val_SE 0.9223 - val_PC 0.9061 - val_F1 0.9135 - val_ACC 0.9999
epoch [243/500] lr: 0.005475 train_loss : 0.0772, train_iou: 0.8592 - val_loss 0.0919 - val_iou 0.8505 - val_SE 0.9148 - val_PC 0.9033 - val_F1 0.9086 - val_ACC 0.9999
epoch [244/500] lr: 0.005455 train_loss : 0.0840, train_iou: 0.8471 - val_loss 0.1059 - val_iou 0.8332 - val_SE 0.9060 - val_PC 0.8855 - val_F1 0.8947 - val_ACC 0.9999
epoch [245/500] lr: 0.005436 train_loss : 0.0927, train_iou: 0.8327 - val_loss 0.1026 - val_iou 0.8360 - val_SE 0.9173 - val_PC 0.8842 - val_F1 0.8980 - val_ACC 0.9999
epoch [246/500] lr: 0.005417 train_loss : 0.0942, train_iou: 0.8300 - val_loss 0.0949 - val_iou 0.8464 - val_SE 0.9108 - val_PC 0.9021 - val_F1 0.9060 - val_ACC 0.9999
epoch [247/500] lr: 0.005397 train_loss : 0.0849, train_iou: 0.8460 - val_loss 0.0923 - val_iou 0.8506 - val_SE 0.9110 - val_PC 0.9069 - val_F1 0.9086 - val_ACC 0.9999
epoch [248/500] lr: 0.005378 train_loss : 0.0824, train_iou: 0.8500 - val_loss 0.0924 - val_iou 0.8499 - val_SE 0.9138 - val_PC 0.9031 - val_F1 0.9080 - val_ACC 0.9999
epoch [249/500] lr: 0.005359 train_loss : 0.0884, train_iou: 0.8401 - val_loss 0.0952 - val_iou 0.8439 - val_SE 0.9187 - val_PC 0.8946 - val_F1 0.9056 - val_ACC 0.9999
epoch [250/500] lr: 0.005340 train_loss : 0.0782, train_iou: 0.8575 - val_loss 0.0952 - val_iou 0.8447 - val_SE 0.9157 - val_PC 0.8964 - val_F1 0.9053 - val_ACC 0.9999
epoch [251/500] lr: 0.005320 train_loss : 0.0811, train_iou: 0.8523 - val_loss 0.0946 - val_iou 0.8471 - val_SE 0.9173 - val_PC 0.8968 - val_F1 0.9060 - val_ACC 0.9999
epoch [252/500] lr: 0.005301 train_loss : 0.0872, train_iou: 0.8412 - val_loss 0.0950 - val_iou 0.8464 - val_SE 0.9126 - val_PC 0.8998 - val_F1 0.9056 - val_ACC 0.9999
epoch [253/500] lr: 0.005282 train_loss : 0.0833, train_iou: 0.8486 - val_loss 0.0962 - val_iou 0.8430 - val_SE 0.9203 - val_PC 0.8907 - val_F1 0.9043 - val_ACC 0.9999
epoch [254/500] lr: 0.005262 train_loss : 0.0794, train_iou: 0.8549 - val_loss 0.0969 - val_iou 0.8433 - val_SE 0.9129 - val_PC 0.8962 - val_F1 0.9038 - val_ACC 0.9999
epoch [255/500] lr: 0.005243 train_loss : 0.0792, train_iou: 0.8556 - val_loss 0.0914 - val_iou 0.8526 - val_SE 0.9121 - val_PC 0.9073 - val_F1 0.9094 - val_ACC 0.9999
epoch [256/500] lr: 0.005224 train_loss : 0.0877, train_iou: 0.8415 - val_loss 0.0923 - val_iou 0.8502 - val_SE 0.9135 - val_PC 0.9041 - val_F1 0.9083 - val_ACC 0.9999
epoch [257/500] lr: 0.005204 train_loss : 0.0809, train_iou: 0.8524 - val_loss 0.0913 - val_iou 0.8534 - val_SE 0.9082 - val_PC 0.9107 - val_F1 0.9092 - val_ACC 0.9999
epoch [258/500] lr: 0.005185 train_loss : 0.0810, train_iou: 0.8529 - val_loss 0.0936 - val_iou 0.8491 - val_SE 0.9133 - val_PC 0.9018 - val_F1 0.9070 - val_ACC 0.9999
epoch [259/500] lr: 0.005166 train_loss : 0.0837, train_iou: 0.8472 - val_loss 0.0952 - val_iou 0.8454 - val_SE 0.9177 - val_PC 0.8955 - val_F1 0.9056 - val_ACC 0.9999
epoch [260/500] lr: 0.005146 train_loss : 0.0805, train_iou: 0.8528 - val_loss 0.0898 - val_iou 0.8548 - val_SE 0.9109 - val_PC 0.9117 - val_F1 0.9108 - val_ACC 0.9999
epoch [261/500] lr: 0.005127 train_loss : 0.0868, train_iou: 0.8424 - val_loss 0.0927 - val_iou 0.8505 - val_SE 0.9171 - val_PC 0.9004 - val_F1 0.9079 - val_ACC 0.9999
epoch [262/500] lr: 0.005107 train_loss : 0.0821, train_iou: 0.8511 - val_loss 0.0932 - val_iou 0.8493 - val_SE 0.9116 - val_PC 0.9039 - val_F1 0.9073 - val_ACC 0.9999
epoch [263/500] lr: 0.005088 train_loss : 0.0825, train_iou: 0.8504 - val_loss 0.0947 - val_iou 0.8468 - val_SE 0.9167 - val_PC 0.8966 - val_F1 0.9059 - val_ACC 0.9999
epoch [264/500] lr: 0.005069 train_loss : 0.0826, train_iou: 0.8498 - val_loss 0.0920 - val_iou 0.8526 - val_SE 0.9130 - val_PC 0.9051 - val_F1 0.9087 - val_ACC 0.9999
epoch [265/500] lr: 0.005049 train_loss : 0.0819, train_iou: 0.8507 - val_loss 0.0902 - val_iou 0.8537 - val_SE 0.9171 - val_PC 0.9052 - val_F1 0.9105 - val_ACC 0.9999
epoch [266/500] lr: 0.005030 train_loss : 0.0828, train_iou: 0.8495 - val_loss 0.0922 - val_iou 0.8510 - val_SE 0.9167 - val_PC 0.9017 - val_F1 0.9085 - val_ACC 0.9999
epoch [267/500] lr: 0.005010 train_loss : 0.0810, train_iou: 0.8521 - val_loss 0.0928 - val_iou 0.8510 - val_SE 0.9138 - val_PC 0.9035 - val_F1 0.9079 - val_ACC 0.9999
epoch [268/500] lr: 0.004991 train_loss : 0.0802, train_iou: 0.8536 - val_loss 0.0949 - val_iou 0.8464 - val_SE 0.9153 - val_PC 0.8975 - val_F1 0.9057 - val_ACC 0.9999
epoch [269/500] lr: 0.004971 train_loss : 0.0825, train_iou: 0.8500 - val_loss 0.0934 - val_iou 0.8493 - val_SE 0.9121 - val_PC 0.9034 - val_F1 0.9073 - val_ACC 0.9999
epoch [270/500] lr: 0.004952 train_loss : 0.0794, train_iou: 0.8555 - val_loss 0.0968 - val_iou 0.8448 - val_SE 0.9054 - val_PC 0.9034 - val_F1 0.9039 - val_ACC 0.9999
epoch [271/500] lr: 0.004933 train_loss : 0.0809, train_iou: 0.8526 - val_loss 0.0936 - val_iou 0.8479 - val_SE 0.9177 - val_PC 0.8981 - val_F1 0.9070 - val_ACC 0.9999
epoch [272/500] lr: 0.004913 train_loss : 0.0782, train_iou: 0.8571 - val_loss 0.0870 - val_iou 0.8585 - val_SE 0.9189 - val_PC 0.9089 - val_F1 0.9135 - val_ACC 0.9999
epoch [273/500] lr: 0.004894 train_loss : 0.0789, train_iou: 0.8561 - val_loss 0.0906 - val_iou 0.8524 - val_SE 0.9232 - val_PC 0.8992 - val_F1 0.9100 - val_ACC 0.9999
epoch [274/500] lr: 0.004874 train_loss : 0.0767, train_iou: 0.8599 - val_loss 0.0904 - val_iou 0.8543 - val_SE 0.9125 - val_PC 0.9086 - val_F1 0.9102 - val_ACC 0.9999
epoch [275/500] lr: 0.004855 train_loss : 0.0771, train_iou: 0.8599 - val_loss 0.0900 - val_iou 0.8549 - val_SE 0.9133 - val_PC 0.9084 - val_F1 0.9106 - val_ACC 0.9999
epoch [276/500] lr: 0.004835 train_loss : 0.0795, train_iou: 0.8552 - val_loss 0.0968 - val_iou 0.8428 - val_SE 0.9116 - val_PC 0.8973 - val_F1 0.9038 - val_ACC 0.9999
epoch [277/500] lr: 0.004816 train_loss : 0.0819, train_iou: 0.8511 - val_loss 0.0911 - val_iou 0.8527 - val_SE 0.9187 - val_PC 0.9015 - val_F1 0.9094 - val_ACC 0.9999
epoch [278/500] lr: 0.004796 train_loss : 0.0798, train_iou: 0.8550 - val_loss 0.0914 - val_iou 0.8521 - val_SE 0.9117 - val_PC 0.9076 - val_F1 0.9092 - val_ACC 0.9999
epoch [279/500] lr: 0.004777 train_loss : 0.0786, train_iou: 0.8567 - val_loss 0.0901 - val_iou 0.8533 - val_SE 0.9187 - val_PC 0.9036 - val_F1 0.9105 - val_ACC 0.9999
epoch [280/500] lr: 0.004757 train_loss : 0.0777, train_iou: 0.8577 - val_loss 0.0933 - val_iou 0.8488 - val_SE 0.9160 - val_PC 0.9002 - val_F1 0.9074 - val_ACC 0.9999
epoch [281/500] lr: 0.004737 train_loss : 0.0780, train_iou: 0.8574 - val_loss 0.0884 - val_iou 0.8565 - val_SE 0.9210 - val_PC 0.9048 - val_F1 0.9122 - val_ACC 0.9999
epoch [282/500] lr: 0.004718 train_loss : 0.0776, train_iou: 0.8581 - val_loss 0.0930 - val_iou 0.8494 - val_SE 0.9154 - val_PC 0.9009 - val_F1 0.9076 - val_ACC 0.9999
epoch [283/500] lr: 0.004698 train_loss : 0.0786, train_iou: 0.8567 - val_loss 0.0907 - val_iou 0.8527 - val_SE 0.9185 - val_PC 0.9026 - val_F1 0.9099 - val_ACC 0.9999
epoch [284/500] lr: 0.004679 train_loss : 0.0760, train_iou: 0.8608 - val_loss 0.0926 - val_iou 0.8499 - val_SE 0.9128 - val_PC 0.9041 - val_F1 0.9080 - val_ACC 0.9999
epoch [285/500] lr: 0.004659 train_loss : 0.0738, train_iou: 0.8650 - val_loss 0.0896 - val_iou 0.8549 - val_SE 0.9174 - val_PC 0.9057 - val_F1 0.9110 - val_ACC 0.9999
epoch [286/500] lr: 0.004640 train_loss : 0.0738, train_iou: 0.8647 - val_loss 0.0925 - val_iou 0.8507 - val_SE 0.9150 - val_PC 0.9028 - val_F1 0.9084 - val_ACC 0.9999
epoch [287/500] lr: 0.004620 train_loss : 0.0744, train_iou: 0.8641 - val_loss 0.0903 - val_iou 0.8548 - val_SE 0.9180 - val_PC 0.9040 - val_F1 0.9105 - val_ACC 0.9999
epoch [288/500] lr: 0.004600 train_loss : 0.0744, train_iou: 0.8634 - val_loss 0.0899 - val_iou 0.8548 - val_SE 0.9174 - val_PC 0.9050 - val_F1 0.9108 - val_ACC 0.9999
epoch [289/500] lr: 0.004581 train_loss : 0.0755, train_iou: 0.8620 - val_loss 0.0909 - val_iou 0.8533 - val_SE 0.9116 - val_PC 0.9081 - val_F1 0.9096 - val_ACC 0.9999
epoch [290/500] lr: 0.004561 train_loss : 0.0751, train_iou: 0.8632 - val_loss 0.0938 - val_iou 0.8484 - val_SE 0.9101 - val_PC 0.9038 - val_F1 0.9067 - val_ACC 0.9999
epoch [291/500] lr: 0.004541 train_loss : 0.0751, train_iou: 0.8626 - val_loss 0.0898 - val_iou 0.8542 - val_SE 0.9170 - val_PC 0.9056 - val_F1 0.9108 - val_ACC 0.9999
epoch [292/500] lr: 0.004522 train_loss : 0.0737, train_iou: 0.8652 - val_loss 0.0895 - val_iou 0.8545 - val_SE 0.9190 - val_PC 0.9042 - val_F1 0.9110 - val_ACC 0.9999
epoch [293/500] lr: 0.004502 train_loss : 0.0793, train_iou: 0.8552 - val_loss 0.0866 - val_iou 0.8599 - val_SE 0.9172 - val_PC 0.9112 - val_F1 0.9139 - val_ACC 0.9999
=> saved best model
epoch [294/500] lr: 0.004482 train_loss : 0.0714, train_iou: 0.8691 - val_loss 0.0872 - val_iou 0.8583 - val_SE 0.9221 - val_PC 0.9057 - val_F1 0.9132 - val_ACC 0.9999
epoch [295/500] lr: 0.004463 train_loss : 0.0744, train_iou: 0.8641 - val_loss 0.0890 - val_iou 0.8561 - val_SE 0.9156 - val_PC 0.9083 - val_F1 0.9115 - val_ACC 0.9999
epoch [296/500] lr: 0.004443 train_loss : 0.0750, train_iou: 0.8628 - val_loss 0.0928 - val_iou 0.8501 - val_SE 0.9155 - val_PC 0.9012 - val_F1 0.9076 - val_ACC 0.9999
epoch [297/500] lr: 0.004423 train_loss : 0.0727, train_iou: 0.8670 - val_loss 0.0912 - val_iou 0.8523 - val_SE 0.9130 - val_PC 0.9067 - val_F1 0.9095 - val_ACC 0.9999
epoch [298/500] lr: 0.004404 train_loss : 0.0816, train_iou: 0.8515 - val_loss 0.0918 - val_iou 0.8519 - val_SE 0.9112 - val_PC 0.9068 - val_F1 0.9086 - val_ACC 0.9999
epoch [299/500] lr: 0.004384 train_loss : 0.0749, train_iou: 0.8633 - val_loss 0.0970 - val_iou 0.8437 - val_SE 0.9073 - val_PC 0.9004 - val_F1 0.9035 - val_ACC 0.9999
epoch [300/500] lr: 0.004364 train_loss : 0.0785, train_iou: 0.8570 - val_loss 0.0973 - val_iou 0.8436 - val_SE 0.9096 - val_PC 0.8981 - val_F1 0.9033 - val_ACC 0.9999
epoch [301/500] lr: 0.004344 train_loss : 0.0784, train_iou: 0.8570 - val_loss 0.0972 - val_iou 0.8437 - val_SE 0.9037 - val_PC 0.9034 - val_F1 0.9034 - val_ACC 0.9999
epoch [302/500] lr: 0.004325 train_loss : 0.0773, train_iou: 0.8600 - val_loss 0.0905 - val_iou 0.8525 - val_SE 0.9197 - val_PC 0.9017 - val_F1 0.9099 - val_ACC 0.9999
epoch [303/500] lr: 0.004305 train_loss : 0.0761, train_iou: 0.8607 - val_loss 0.0910 - val_iou 0.8520 - val_SE 0.9155 - val_PC 0.9045 - val_F1 0.9095 - val_ACC 0.9999
epoch [304/500] lr: 0.004285 train_loss : 0.0752, train_iou: 0.8626 - val_loss 0.0904 - val_iou 0.8531 - val_SE 0.9203 - val_PC 0.9015 - val_F1 0.9102 - val_ACC 0.9999
epoch [305/500] lr: 0.004265 train_loss : 0.0713, train_iou: 0.8692 - val_loss 0.0909 - val_iou 0.8540 - val_SE 0.9166 - val_PC 0.9036 - val_F1 0.9096 - val_ACC 0.9999
epoch [306/500] lr: 0.004246 train_loss : 0.0741, train_iou: 0.8645 - val_loss 0.0911 - val_iou 0.8527 - val_SE 0.9179 - val_PC 0.9027 - val_F1 0.9095 - val_ACC 0.9999
epoch [307/500] lr: 0.004226 train_loss : 0.0769, train_iou: 0.8593 - val_loss 0.1013 - val_iou 0.8367 - val_SE 0.9129 - val_PC 0.8882 - val_F1 0.8993 - val_ACC 0.9999
epoch [308/500] lr: 0.004206 train_loss : 0.0756, train_iou: 0.8617 - val_loss 0.0880 - val_iou 0.8576 - val_SE 0.9214 - val_PC 0.9047 - val_F1 0.9124 - val_ACC 0.9999
epoch [309/500] lr: 0.004186 train_loss : 0.0745, train_iou: 0.8634 - val_loss 0.0883 - val_iou 0.8562 - val_SE 0.9248 - val_PC 0.9012 - val_F1 0.9121 - val_ACC 0.9999
epoch [310/500] lr: 0.004166 train_loss : 0.0845, train_iou: 0.8451 - val_loss 0.0948 - val_iou 0.8496 - val_SE 0.9176 - val_PC 0.8971 - val_F1 0.9058 - val_ACC 0.9999
epoch [311/500] lr: 0.004146 train_loss : 0.0773, train_iou: 0.8582 - val_loss 0.0873 - val_iou 0.8587 - val_SE 0.9202 - val_PC 0.9074 - val_F1 0.9133 - val_ACC 0.9999
epoch [312/500] lr: 0.004127 train_loss : 0.0771, train_iou: 0.8591 - val_loss 0.0926 - val_iou 0.8502 - val_SE 0.9144 - val_PC 0.9022 - val_F1 0.9078 - val_ACC 0.9999
epoch [313/500] lr: 0.004107 train_loss : 0.0762, train_iou: 0.8608 - val_loss 0.0937 - val_iou 0.8483 - val_SE 0.9113 - val_PC 0.9037 - val_F1 0.9070 - val_ACC 0.9999
epoch [314/500] lr: 0.004087 train_loss : 0.0766, train_iou: 0.8601 - val_loss 0.0886 - val_iou 0.8573 - val_SE 0.9181 - val_PC 0.9070 - val_F1 0.9121 - val_ACC 0.9999
epoch [315/500] lr: 0.004067 train_loss : 0.0737, train_iou: 0.8652 - val_loss 0.0894 - val_iou 0.8551 - val_SE 0.9163 - val_PC 0.9068 - val_F1 0.9111 - val_ACC 0.9999
epoch [316/500] lr: 0.004047 train_loss : 0.0746, train_iou: 0.8638 - val_loss 0.0902 - val_iou 0.8540 - val_SE 0.9149 - val_PC 0.9063 - val_F1 0.9102 - val_ACC 0.9999
epoch [317/500] lr: 0.004027 train_loss : 0.0745, train_iou: 0.8639 - val_loss 0.0901 - val_iou 0.8544 - val_SE 0.9135 - val_PC 0.9078 - val_F1 0.9104 - val_ACC 0.9999
epoch [318/500] lr: 0.004007 train_loss : 0.0741, train_iou: 0.8647 - val_loss 0.0897 - val_iou 0.8544 - val_SE 0.9208 - val_PC 0.9026 - val_F1 0.9109 - val_ACC 0.9999
epoch [319/500] lr: 0.003987 train_loss : 0.0739, train_iou: 0.8649 - val_loss 0.0891 - val_iou 0.8557 - val_SE 0.9187 - val_PC 0.9053 - val_F1 0.9115 - val_ACC 0.9999
epoch [320/500] lr: 0.003967 train_loss : 0.0714, train_iou: 0.8688 - val_loss 0.0898 - val_iou 0.8539 - val_SE 0.9221 - val_PC 0.9011 - val_F1 0.9107 - val_ACC 0.9999
epoch [321/500] lr: 0.003947 train_loss : 0.0701, train_iou: 0.8711 - val_loss 0.0909 - val_iou 0.8531 - val_SE 0.9152 - val_PC 0.9049 - val_F1 0.9096 - val_ACC 0.9999
epoch [322/500] lr: 0.003927 train_loss : 0.0716, train_iou: 0.8691 - val_loss 0.0930 - val_iou 0.8503 - val_SE 0.9112 - val_PC 0.9047 - val_F1 0.9076 - val_ACC 0.9999
epoch [323/500] lr: 0.003907 train_loss : 0.0763, train_iou: 0.8604 - val_loss 0.0981 - val_iou 0.8423 - val_SE 0.9084 - val_PC 0.8972 - val_F1 0.9022 - val_ACC 0.9999
epoch [324/500] lr: 0.003887 train_loss : 0.0756, train_iou: 0.8617 - val_loss 0.0938 - val_iou 0.8483 - val_SE 0.9137 - val_PC 0.9010 - val_F1 0.9068 - val_ACC 0.9999
epoch [325/500] lr: 0.003867 train_loss : 0.0752, train_iou: 0.8624 - val_loss 0.0922 - val_iou 0.8510 - val_SE 0.9164 - val_PC 0.9015 - val_F1 0.9083 - val_ACC 0.9999
epoch [326/500] lr: 0.003847 train_loss : 0.0740, train_iou: 0.8645 - val_loss 0.0921 - val_iou 0.8501 - val_SE 0.9164 - val_PC 0.9014 - val_F1 0.9083 - val_ACC 0.9999
epoch [327/500] lr: 0.003827 train_loss : 0.0697, train_iou: 0.8720 - val_loss 0.0907 - val_iou 0.8533 - val_SE 0.9138 - val_PC 0.9069 - val_F1 0.9100 - val_ACC 0.9999
epoch [328/500] lr: 0.003807 train_loss : 0.0715, train_iou: 0.8689 - val_loss 0.0882 - val_iou 0.8569 - val_SE 0.9192 - val_PC 0.9066 - val_F1 0.9124 - val_ACC 0.9999
epoch [329/500] lr: 0.003787 train_loss : 0.0714, train_iou: 0.8694 - val_loss 0.0932 - val_iou 0.8496 - val_SE 0.9106 - val_PC 0.9047 - val_F1 0.9073 - val_ACC 0.9999
epoch [330/500] lr: 0.003767 train_loss : 0.0707, train_iou: 0.8704 - val_loss 0.0911 - val_iou 0.8526 - val_SE 0.9124 - val_PC 0.9068 - val_F1 0.9093 - val_ACC 0.9999
epoch [331/500] lr: 0.003747 train_loss : 0.0705, train_iou: 0.8706 - val_loss 0.0950 - val_iou 0.8462 - val_SE 0.9112 - val_PC 0.9007 - val_F1 0.9055 - val_ACC 0.9999
epoch [332/500] lr: 0.003727 train_loss : 0.0744, train_iou: 0.8641 - val_loss 0.0931 - val_iou 0.8498 - val_SE 0.9086 - val_PC 0.9067 - val_F1 0.9074 - val_ACC 0.9999
epoch [333/500] lr: 0.003707 train_loss : 0.0745, train_iou: 0.8638 - val_loss 0.0963 - val_iou 0.8455 - val_SE 0.9073 - val_PC 0.9015 - val_F1 0.9041 - val_ACC 0.9999
epoch [334/500] lr: 0.003687 train_loss : 0.0732, train_iou: 0.8656 - val_loss 0.0920 - val_iou 0.8510 - val_SE 0.9181 - val_PC 0.9005 - val_F1 0.9085 - val_ACC 0.9999
epoch [335/500] lr: 0.003667 train_loss : 0.0719, train_iou: 0.8683 - val_loss 0.1031 - val_iou 0.8352 - val_SE 0.9076 - val_PC 0.8894 - val_F1 0.8974 - val_ACC 0.9999
epoch [336/500] lr: 0.003647 train_loss : 0.0769, train_iou: 0.8600 - val_loss 0.0881 - val_iou 0.8572 - val_SE 0.9183 - val_PC 0.9076 - val_F1 0.9125 - val_ACC 0.9999
epoch [337/500] lr: 0.003627 train_loss : 0.0720, train_iou: 0.8677 - val_loss 0.0947 - val_iou 0.8471 - val_SE 0.9117 - val_PC 0.9012 - val_F1 0.9060 - val_ACC 0.9999
epoch [338/500] lr: 0.003606 train_loss : 0.0723, train_iou: 0.8674 - val_loss 0.0924 - val_iou 0.8500 - val_SE 0.9154 - val_PC 0.9021 - val_F1 0.9081 - val_ACC 0.9999
epoch [339/500] lr: 0.003586 train_loss : 0.0733, train_iou: 0.8661 - val_loss 0.0973 - val_iou 0.8434 - val_SE 0.9088 - val_PC 0.8985 - val_F1 0.9032 - val_ACC 0.9999
epoch [340/500] lr: 0.003566 train_loss : 0.0768, train_iou: 0.8597 - val_loss 0.0935 - val_iou 0.8489 - val_SE 0.9117 - val_PC 0.9036 - val_F1 0.9071 - val_ACC 0.9999
epoch [341/500] lr: 0.003546 train_loss : 0.0788, train_iou: 0.8563 - val_loss 0.0936 - val_iou 0.8486 - val_SE 0.9099 - val_PC 0.9045 - val_F1 0.9069 - val_ACC 0.9999
epoch [342/500] lr: 0.003526 train_loss : 0.0752, train_iou: 0.8630 - val_loss 0.0941 - val_iou 0.8478 - val_SE 0.9103 - val_PC 0.9033 - val_F1 0.9064 - val_ACC 0.9999
epoch [343/500] lr: 0.003505 train_loss : 0.0721, train_iou: 0.8682 - val_loss 0.0929 - val_iou 0.8506 - val_SE 0.9087 - val_PC 0.9065 - val_F1 0.9074 - val_ACC 0.9999
epoch [344/500] lr: 0.003485 train_loss : 0.0776, train_iou: 0.8574 - val_loss 0.0967 - val_iou 0.8436 - val_SE 0.9112 - val_PC 0.8979 - val_F1 0.9038 - val_ACC 0.9999
epoch [345/500] lr: 0.003465 train_loss : 0.0730, train_iou: 0.8664 - val_loss 0.0960 - val_iou 0.8457 - val_SE 0.9086 - val_PC 0.9013 - val_F1 0.9044 - val_ACC 0.9999
epoch [346/500] lr: 0.003445 train_loss : 0.0767, train_iou: 0.8597 - val_loss 0.0941 - val_iou 0.8480 - val_SE 0.9121 - val_PC 0.9016 - val_F1 0.9064 - val_ACC 0.9999
epoch [347/500] lr: 0.003424 train_loss : 0.0703, train_iou: 0.8708 - val_loss 0.0889 - val_iou 0.8560 - val_SE 0.9188 - val_PC 0.9056 - val_F1 0.9116 - val_ACC 0.9999
epoch [348/500] lr: 0.003404 train_loss : 0.0688, train_iou: 0.8735 - val_loss 0.0963 - val_iou 0.8437 - val_SE 0.9141 - val_PC 0.8955 - val_F1 0.9041 - val_ACC 0.9999
epoch [349/500] lr: 0.003384 train_loss : 0.0691, train_iou: 0.8731 - val_loss 0.0929 - val_iou 0.8500 - val_SE 0.9153 - val_PC 0.9012 - val_F1 0.9077 - val_ACC 0.9999
epoch [350/500] lr: 0.003364 train_loss : 0.0682, train_iou: 0.8751 - val_loss 0.0899 - val_iou 0.8546 - val_SE 0.9166 - val_PC 0.9056 - val_F1 0.9106 - val_ACC 0.9999
epoch [351/500] lr: 0.003343 train_loss : 0.0675, train_iou: 0.8759 - val_loss 0.0902 - val_iou 0.8542 - val_SE 0.9139 - val_PC 0.9076 - val_F1 0.9103 - val_ACC 0.9999
epoch [352/500] lr: 0.003323 train_loss : 0.0680, train_iou: 0.8751 - val_loss 0.0892 - val_iou 0.8556 - val_SE 0.9150 - val_PC 0.9081 - val_F1 0.9112 - val_ACC 0.9999
epoch [353/500] lr: 0.003303 train_loss : 0.0683, train_iou: 0.8746 - val_loss 0.0885 - val_iou 0.8571 - val_SE 0.9169 - val_PC 0.9079 - val_F1 0.9120 - val_ACC 0.9999
epoch [354/500] lr: 0.003282 train_loss : 0.0686, train_iou: 0.8743 - val_loss 0.0894 - val_iou 0.8561 - val_SE 0.9130 - val_PC 0.9098 - val_F1 0.9111 - val_ACC 0.9999
epoch [355/500] lr: 0.003262 train_loss : 0.0662, train_iou: 0.8781 - val_loss 0.0905 - val_iou 0.8538 - val_SE 0.9127 - val_PC 0.9079 - val_F1 0.9100 - val_ACC 0.9999
epoch [356/500] lr: 0.003241 train_loss : 0.0668, train_iou: 0.8768 - val_loss 0.0886 - val_iou 0.8569 - val_SE 0.9185 - val_PC 0.9064 - val_F1 0.9120 - val_ACC 0.9999
epoch [357/500] lr: 0.003221 train_loss : 0.0674, train_iou: 0.8761 - val_loss 0.0910 - val_iou 0.8534 - val_SE 0.9153 - val_PC 0.9047 - val_F1 0.9096 - val_ACC 0.9999
epoch [358/500] lr: 0.003201 train_loss : 0.0682, train_iou: 0.8745 - val_loss 0.0895 - val_iou 0.8553 - val_SE 0.9203 - val_PC 0.9033 - val_F1 0.9110 - val_ACC 0.9999
epoch [359/500] lr: 0.003180 train_loss : 0.0643, train_iou: 0.8810 - val_loss 0.0887 - val_iou 0.8574 - val_SE 0.9155 - val_PC 0.9090 - val_F1 0.9119 - val_ACC 0.9999
epoch [360/500] lr: 0.003160 train_loss : 0.0660, train_iou: 0.8786 - val_loss 0.0857 - val_iou 0.8617 - val_SE 0.9218 - val_PC 0.9088 - val_F1 0.9148 - val_ACC 0.9999
=> saved best model
epoch [361/500] lr: 0.003139 train_loss : 0.0654, train_iou: 0.8797 - val_loss 0.0900 - val_iou 0.8554 - val_SE 0.9144 - val_PC 0.9077 - val_F1 0.9107 - val_ACC 0.9999
epoch [362/500] lr: 0.003119 train_loss : 0.0675, train_iou: 0.8760 - val_loss 0.0863 - val_iou 0.8609 - val_SE 0.9194 - val_PC 0.9101 - val_F1 0.9143 - val_ACC 0.9999
epoch [363/500] lr: 0.003098 train_loss : 0.0664, train_iou: 0.8776 - val_loss 0.0917 - val_iou 0.8525 - val_SE 0.9166 - val_PC 0.9025 - val_F1 0.9089 - val_ACC 0.9999
epoch [364/500] lr: 0.003078 train_loss : 0.0649, train_iou: 0.8801 - val_loss 0.0905 - val_iou 0.8543 - val_SE 0.9145 - val_PC 0.9063 - val_F1 0.9101 - val_ACC 0.9999
epoch [365/500] lr: 0.003057 train_loss : 0.0641, train_iou: 0.8819 - val_loss 0.0886 - val_iou 0.8576 - val_SE 0.9159 - val_PC 0.9085 - val_F1 0.9118 - val_ACC 0.9999
epoch [366/500] lr: 0.003037 train_loss : 0.0655, train_iou: 0.8794 - val_loss 0.0886 - val_iou 0.8563 - val_SE 0.9180 - val_PC 0.9069 - val_F1 0.9119 - val_ACC 0.9999
epoch [367/500] lr: 0.003016 train_loss : 0.0646, train_iou: 0.8808 - val_loss 0.0884 - val_iou 0.8571 - val_SE 0.9179 - val_PC 0.9072 - val_F1 0.9121 - val_ACC 0.9999
epoch [368/500] lr: 0.002996 train_loss : 0.0650, train_iou: 0.8806 - val_loss 0.0927 - val_iou 0.8511 - val_SE 0.9131 - val_PC 0.9035 - val_F1 0.9079 - val_ACC 0.9999
epoch [369/500] lr: 0.002975 train_loss : 0.0684, train_iou: 0.8745 - val_loss 0.0924 - val_iou 0.8507 - val_SE 0.9151 - val_PC 0.9022 - val_F1 0.9081 - val_ACC 0.9999
epoch [370/500] lr: 0.002954 train_loss : 0.0650, train_iou: 0.8805 - val_loss 0.0906 - val_iou 0.8539 - val_SE 0.9170 - val_PC 0.9039 - val_F1 0.9099 - val_ACC 0.9999
epoch [371/500] lr: 0.002934 train_loss : 0.0679, train_iou: 0.8747 - val_loss 0.0904 - val_iou 0.8532 - val_SE 0.9214 - val_PC 0.9008 - val_F1 0.9102 - val_ACC 0.9999
epoch [372/500] lr: 0.002913 train_loss : 0.0694, train_iou: 0.8728 - val_loss 0.0935 - val_iou 0.8495 - val_SE 0.9094 - val_PC 0.9052 - val_F1 0.9071 - val_ACC 0.9999
epoch [373/500] lr: 0.002892 train_loss : 0.0650, train_iou: 0.8803 - val_loss 0.0915 - val_iou 0.8519 - val_SE 0.9150 - val_PC 0.9037 - val_F1 0.9088 - val_ACC 0.9999
epoch [374/500] lr: 0.002872 train_loss : 0.0650, train_iou: 0.8807 - val_loss 0.0905 - val_iou 0.8545 - val_SE 0.9124 - val_PC 0.9087 - val_F1 0.9103 - val_ACC 0.9999
epoch [375/500] lr: 0.002851 train_loss : 0.0659, train_iou: 0.8790 - val_loss 0.0918 - val_iou 0.8523 - val_SE 0.9111 - val_PC 0.9070 - val_F1 0.9089 - val_ACC 0.9999
epoch [376/500] lr: 0.002830 train_loss : 0.0674, train_iou: 0.8761 - val_loss 0.0994 - val_iou 0.8404 - val_SE 0.9034 - val_PC 0.8996 - val_F1 0.9012 - val_ACC 0.9999
epoch [377/500] lr: 0.002810 train_loss : 0.0659, train_iou: 0.8788 - val_loss 0.0928 - val_iou 0.8503 - val_SE 0.9145 - val_PC 0.9021 - val_F1 0.9078 - val_ACC 0.9999
epoch [378/500] lr: 0.002789 train_loss : 0.0651, train_iou: 0.8792 - val_loss 0.0904 - val_iou 0.8541 - val_SE 0.9168 - val_PC 0.9042 - val_F1 0.9100 - val_ACC 0.9999
epoch [379/500] lr: 0.002768 train_loss : 0.0650, train_iou: 0.8804 - val_loss 0.0870 - val_iou 0.8600 - val_SE 0.9159 - val_PC 0.9118 - val_F1 0.9136 - val_ACC 0.9999
epoch [380/500] lr: 0.002747 train_loss : 0.0626, train_iou: 0.8845 - val_loss 0.0909 - val_iou 0.8538 - val_SE 0.9146 - val_PC 0.9055 - val_F1 0.9097 - val_ACC 0.9999
epoch [381/500] lr: 0.002727 train_loss : 0.0659, train_iou: 0.8791 - val_loss 0.0919 - val_iou 0.8523 - val_SE 0.9086 - val_PC 0.9091 - val_F1 0.9087 - val_ACC 0.9999
epoch [382/500] lr: 0.002706 train_loss : 0.0650, train_iou: 0.8804 - val_loss 0.0916 - val_iou 0.8523 - val_SE 0.9152 - val_PC 0.9036 - val_F1 0.9089 - val_ACC 0.9999
epoch [383/500] lr: 0.002685 train_loss : 0.0641, train_iou: 0.8815 - val_loss 0.0902 - val_iou 0.8545 - val_SE 0.9155 - val_PC 0.9061 - val_F1 0.9104 - val_ACC 0.9999
epoch [384/500] lr: 0.002664 train_loss : 0.0630, train_iou: 0.8842 - val_loss 0.0896 - val_iou 0.8561 - val_SE 0.9128 - val_PC 0.9099 - val_F1 0.9110 - val_ACC 0.9999
epoch [385/500] lr: 0.002643 train_loss : 0.0676, train_iou: 0.8756 - val_loss 0.0933 - val_iou 0.8490 - val_SE 0.9134 - val_PC 0.9022 - val_F1 0.9073 - val_ACC 0.9999
epoch [386/500] lr: 0.002622 train_loss : 0.0611, train_iou: 0.8872 - val_loss 0.0940 - val_iou 0.8481 - val_SE 0.9094 - val_PC 0.9043 - val_F1 0.9066 - val_ACC 0.9999
epoch [387/500] lr: 0.002602 train_loss : 0.0657, train_iou: 0.8789 - val_loss 0.0906 - val_iou 0.8538 - val_SE 0.9173 - val_PC 0.9039 - val_F1 0.9100 - val_ACC 0.9999
epoch [388/500] lr: 0.002581 train_loss : 0.0646, train_iou: 0.8808 - val_loss 0.0926 - val_iou 0.8503 - val_SE 0.9170 - val_PC 0.9004 - val_F1 0.9080 - val_ACC 0.9999
epoch [389/500] lr: 0.002560 train_loss : 0.0652, train_iou: 0.8797 - val_loss 0.0933 - val_iou 0.8491 - val_SE 0.9085 - val_PC 0.9065 - val_F1 0.9072 - val_ACC 0.9999
epoch [390/500] lr: 0.002539 train_loss : 0.0637, train_iou: 0.8827 - val_loss 0.0950 - val_iou 0.8468 - val_SE 0.9112 - val_PC 0.9008 - val_F1 0.9056 - val_ACC 0.9999
epoch [391/500] lr: 0.002518 train_loss : 0.0630, train_iou: 0.8841 - val_loss 0.0896 - val_iou 0.8560 - val_SE 0.9137 - val_PC 0.9089 - val_F1 0.9111 - val_ACC 0.9999
epoch [392/500] lr: 0.002497 train_loss : 0.0614, train_iou: 0.8864 - val_loss 0.0909 - val_iou 0.8530 - val_SE 0.9160 - val_PC 0.9042 - val_F1 0.9096 - val_ACC 0.9999
epoch [393/500] lr: 0.002476 train_loss : 0.0639, train_iou: 0.8821 - val_loss 0.0907 - val_iou 0.8536 - val_SE 0.9147 - val_PC 0.9057 - val_F1 0.9098 - val_ACC 0.9999
epoch [394/500] lr: 0.002455 train_loss : 0.0632, train_iou: 0.8833 - val_loss 0.0896 - val_iou 0.8552 - val_SE 0.9155 - val_PC 0.9068 - val_F1 0.9108 - val_ACC 0.9999
epoch [395/500] lr: 0.002434 train_loss : 0.0620, train_iou: 0.8857 - val_loss 0.0933 - val_iou 0.8486 - val_SE 0.9168 - val_PC 0.8991 - val_F1 0.9072 - val_ACC 0.9999
epoch [396/500] lr: 0.002413 train_loss : 0.0604, train_iou: 0.8879 - val_loss 0.0914 - val_iou 0.8525 - val_SE 0.9140 - val_PC 0.9053 - val_F1 0.9092 - val_ACC 0.9999
epoch [397/500] lr: 0.002392 train_loss : 0.0618, train_iou: 0.8862 - val_loss 0.0911 - val_iou 0.8531 - val_SE 0.9141 - val_PC 0.9055 - val_F1 0.9094 - val_ACC 0.9999
epoch [398/500] lr: 0.002370 train_loss : 0.0632, train_iou: 0.8837 - val_loss 0.0955 - val_iou 0.8465 - val_SE 0.9089 - val_PC 0.9018 - val_F1 0.9050 - val_ACC 0.9999
epoch [399/500] lr: 0.002349 train_loss : 0.0641, train_iou: 0.8818 - val_loss 0.0954 - val_iou 0.8468 - val_SE 0.9105 - val_PC 0.9006 - val_F1 0.9051 - val_ACC 0.9999
epoch [400/500] lr: 0.002328 train_loss : 0.0627, train_iou: 0.8845 - val_loss 0.0889 - val_iou 0.8567 - val_SE 0.9171 - val_PC 0.9072 - val_F1 0.9116 - val_ACC 0.9999
epoch [401/500] lr: 0.002307 train_loss : 0.0594, train_iou: 0.8903 - val_loss 0.0918 - val_iou 0.8522 - val_SE 0.9098 - val_PC 0.9083 - val_F1 0.9088 - val_ACC 0.9999
epoch [402/500] lr: 0.002286 train_loss : 0.0608, train_iou: 0.8880 - val_loss 0.0895 - val_iou 0.8554 - val_SE 0.9136 - val_PC 0.9089 - val_F1 0.9110 - val_ACC 0.9999
epoch [403/500] lr: 0.002265 train_loss : 0.0606, train_iou: 0.8883 - val_loss 0.0918 - val_iou 0.8522 - val_SE 0.9132 - val_PC 0.9053 - val_F1 0.9089 - val_ACC 0.9999
epoch [404/500] lr: 0.002243 train_loss : 0.0616, train_iou: 0.8863 - val_loss 0.0948 - val_iou 0.8474 - val_SE 0.9081 - val_PC 0.9040 - val_F1 0.9058 - val_ACC 0.9999
epoch [405/500] lr: 0.002222 train_loss : 0.0620, train_iou: 0.8856 - val_loss 0.0897 - val_iou 0.8551 - val_SE 0.9161 - val_PC 0.9061 - val_F1 0.9107 - val_ACC 0.9999
epoch [406/500] lr: 0.002201 train_loss : 0.0617, train_iou: 0.8861 - val_loss 0.0908 - val_iou 0.8531 - val_SE 0.9154 - val_PC 0.9050 - val_F1 0.9097 - val_ACC 0.9999
epoch [407/500] lr: 0.002179 train_loss : 0.0619, train_iou: 0.8851 - val_loss 0.0891 - val_iou 0.8555 - val_SE 0.9190 - val_PC 0.9048 - val_F1 0.9113 - val_ACC 0.9999
epoch [408/500] lr: 0.002158 train_loss : 0.0591, train_iou: 0.8906 - val_loss 0.0902 - val_iou 0.8545 - val_SE 0.9139 - val_PC 0.9072 - val_F1 0.9102 - val_ACC 0.9999
epoch [409/500] lr: 0.002137 train_loss : 0.0605, train_iou: 0.8881 - val_loss 0.0874 - val_iou 0.8584 - val_SE 0.9191 - val_PC 0.9080 - val_F1 0.9131 - val_ACC 0.9999
epoch [410/500] lr: 0.002115 train_loss : 0.0587, train_iou: 0.8913 - val_loss 0.0924 - val_iou 0.8507 - val_SE 0.9128 - val_PC 0.9041 - val_F1 0.9081 - val_ACC 0.9999
epoch [411/500] lr: 0.002094 train_loss : 0.0583, train_iou: 0.8920 - val_loss 0.0875 - val_iou 0.8587 - val_SE 0.9183 - val_PC 0.9085 - val_F1 0.9130 - val_ACC 0.9999
epoch [412/500] lr: 0.002073 train_loss : 0.0580, train_iou: 0.8923 - val_loss 0.0924 - val_iou 0.8508 - val_SE 0.9132 - val_PC 0.9039 - val_F1 0.9082 - val_ACC 0.9999
epoch [413/500] lr: 0.002051 train_loss : 0.0576, train_iou: 0.8933 - val_loss 0.0891 - val_iou 0.8556 - val_SE 0.9158 - val_PC 0.9075 - val_F1 0.9113 - val_ACC 0.9999
epoch [414/500] lr: 0.002030 train_loss : 0.0594, train_iou: 0.8903 - val_loss 0.0916 - val_iou 0.8522 - val_SE 0.9126 - val_PC 0.9060 - val_F1 0.9090 - val_ACC 0.9999
epoch [415/500] lr: 0.002008 train_loss : 0.0585, train_iou: 0.8918 - val_loss 0.0871 - val_iou 0.8595 - val_SE 0.9182 - val_PC 0.9093 - val_F1 0.9134 - val_ACC 0.9999
epoch [416/500] lr: 0.001987 train_loss : 0.0584, train_iou: 0.8916 - val_loss 0.0882 - val_iou 0.8577 - val_SE 0.9158 - val_PC 0.9095 - val_F1 0.9124 - val_ACC 0.9999
epoch [417/500] lr: 0.001965 train_loss : 0.0566, train_iou: 0.8950 - val_loss 0.0902 - val_iou 0.8544 - val_SE 0.9141 - val_PC 0.9073 - val_F1 0.9104 - val_ACC 0.9999
epoch [418/500] lr: 0.001943 train_loss : 0.0548, train_iou: 0.8983 - val_loss 0.0871 - val_iou 0.8595 - val_SE 0.9151 - val_PC 0.9121 - val_F1 0.9134 - val_ACC 0.9999
epoch [419/500] lr: 0.001922 train_loss : 0.0592, train_iou: 0.8905 - val_loss 0.0926 - val_iou 0.8506 - val_SE 0.9118 - val_PC 0.9047 - val_F1 0.9079 - val_ACC 0.9999
epoch [420/500] lr: 0.001900 train_loss : 0.0602, train_iou: 0.8888 - val_loss 0.0932 - val_iou 0.8491 - val_SE 0.9124 - val_PC 0.9030 - val_F1 0.9073 - val_ACC 0.9999
epoch [421/500] lr: 0.001879 train_loss : 0.0574, train_iou: 0.8938 - val_loss 0.0911 - val_iou 0.8531 - val_SE 0.9115 - val_PC 0.9077 - val_F1 0.9093 - val_ACC 0.9999
epoch [422/500] lr: 0.001857 train_loss : 0.0581, train_iou: 0.8920 - val_loss 0.0896 - val_iou 0.8555 - val_SE 0.9162 - val_PC 0.9061 - val_F1 0.9107 - val_ACC 0.9999
epoch [423/500] lr: 0.001835 train_loss : 0.0566, train_iou: 0.8953 - val_loss 0.0905 - val_iou 0.8544 - val_SE 0.9159 - val_PC 0.9054 - val_F1 0.9102 - val_ACC 0.9999
epoch [424/500] lr: 0.001813 train_loss : 0.0552, train_iou: 0.8972 - val_loss 0.0899 - val_iou 0.8546 - val_SE 0.9170 - val_PC 0.9051 - val_F1 0.9106 - val_ACC 0.9999
epoch [425/500] lr: 0.001792 train_loss : 0.0570, train_iou: 0.8939 - val_loss 0.0887 - val_iou 0.8570 - val_SE 0.9168 - val_PC 0.9077 - val_F1 0.9118 - val_ACC 0.9999
epoch [426/500] lr: 0.001770 train_loss : 0.0551, train_iou: 0.8978 - val_loss 0.0925 - val_iou 0.8514 - val_SE 0.9114 - val_PC 0.9053 - val_F1 0.9081 - val_ACC 0.9999
epoch [427/500] lr: 0.001748 train_loss : 0.0558, train_iou: 0.8969 - val_loss 0.0894 - val_iou 0.8558 - val_SE 0.9121 - val_PC 0.9106 - val_F1 0.9111 - val_ACC 0.9999
epoch [428/500] lr: 0.001726 train_loss : 0.0569, train_iou: 0.8949 - val_loss 0.0916 - val_iou 0.8521 - val_SE 0.9127 - val_PC 0.9060 - val_F1 0.9089 - val_ACC 0.9999
epoch [429/500] lr: 0.001704 train_loss : 0.0570, train_iou: 0.8944 - val_loss 0.0934 - val_iou 0.8501 - val_SE 0.9124 - val_PC 0.9029 - val_F1 0.9072 - val_ACC 0.9999
epoch [430/500] lr: 0.001682 train_loss : 0.0544, train_iou: 0.8989 - val_loss 0.0883 - val_iou 0.8571 - val_SE 0.9178 - val_PC 0.9072 - val_F1 0.9120 - val_ACC 0.9999
epoch [431/500] lr: 0.001660 train_loss : 0.0539, train_iou: 0.8998 - val_loss 0.0898 - val_iou 0.8550 - val_SE 0.9181 - val_PC 0.9049 - val_F1 0.9108 - val_ACC 0.9999
epoch [432/500] lr: 0.001638 train_loss : 0.0530, train_iou: 0.9016 - val_loss 0.0906 - val_iou 0.8536 - val_SE 0.9140 - val_PC 0.9067 - val_F1 0.9099 - val_ACC 0.9999
epoch [433/500] lr: 0.001616 train_loss : 0.0544, train_iou: 0.8990 - val_loss 0.0886 - val_iou 0.8564 - val_SE 0.9178 - val_PC 0.9067 - val_F1 0.9117 - val_ACC 0.9999
epoch [434/500] lr: 0.001594 train_loss : 0.0538, train_iou: 0.9001 - val_loss 0.0921 - val_iou 0.8512 - val_SE 0.9107 - val_PC 0.9066 - val_F1 0.9084 - val_ACC 0.9999
epoch [435/500] lr: 0.001572 train_loss : 0.0543, train_iou: 0.8992 - val_loss 0.0912 - val_iou 0.8526 - val_SE 0.9144 - val_PC 0.9048 - val_F1 0.9092 - val_ACC 0.9999
epoch [436/500] lr: 0.001550 train_loss : 0.0529, train_iou: 0.9017 - val_loss 0.0900 - val_iou 0.8549 - val_SE 0.9127 - val_PC 0.9086 - val_F1 0.9105 - val_ACC 0.9999
epoch [437/500] lr: 0.001528 train_loss : 0.0533, train_iou: 0.9010 - val_loss 0.0919 - val_iou 0.8523 - val_SE 0.9119 - val_PC 0.9060 - val_F1 0.9087 - val_ACC 0.9999
epoch [438/500] lr: 0.001506 train_loss : 0.0543, train_iou: 0.8993 - val_loss 0.0928 - val_iou 0.8504 - val_SE 0.9089 - val_PC 0.9069 - val_F1 0.9077 - val_ACC 0.9999
epoch [439/500] lr: 0.001483 train_loss : 0.0528, train_iou: 0.9018 - val_loss 0.0922 - val_iou 0.8519 - val_SE 0.9125 - val_PC 0.9052 - val_F1 0.9083 - val_ACC 0.9999
epoch [440/500] lr: 0.001461 train_loss : 0.0529, train_iou: 0.9019 - val_loss 0.0882 - val_iou 0.8580 - val_SE 0.9156 - val_PC 0.9098 - val_F1 0.9123 - val_ACC 0.9999
epoch [441/500] lr: 0.001439 train_loss : 0.0523, train_iou: 0.9028 - val_loss 0.0940 - val_iou 0.8496 - val_SE 0.9102 - val_PC 0.9036 - val_F1 0.9066 - val_ACC 0.9999
epoch [442/500] lr: 0.001417 train_loss : 0.0506, train_iou: 0.9058 - val_loss 0.0914 - val_iou 0.8532 - val_SE 0.9134 - val_PC 0.9057 - val_F1 0.9091 - val_ACC 0.9999
epoch [443/500] lr: 0.001394 train_loss : 0.0517, train_iou: 0.9037 - val_loss 0.0900 - val_iou 0.8547 - val_SE 0.9146 - val_PC 0.9070 - val_F1 0.9105 - val_ACC 0.9999
epoch [444/500] lr: 0.001372 train_loss : 0.0531, train_iou: 0.9012 - val_loss 0.0881 - val_iou 0.8578 - val_SE 0.9151 - val_PC 0.9100 - val_F1 0.9123 - val_ACC 0.9999
epoch [445/500] lr: 0.001349 train_loss : 0.0522, train_iou: 0.9031 - val_loss 0.0917 - val_iou 0.8522 - val_SE 0.9111 - val_PC 0.9069 - val_F1 0.9088 - val_ACC 0.9999
epoch [446/500] lr: 0.001327 train_loss : 0.0514, train_iou: 0.9048 - val_loss 0.0891 - val_iou 0.8566 - val_SE 0.9120 - val_PC 0.9111 - val_F1 0.9114 - val_ACC 0.9999
epoch [447/500] lr: 0.001304 train_loss : 0.0519, train_iou: 0.9036 - val_loss 0.0905 - val_iou 0.8544 - val_SE 0.9120 - val_PC 0.9085 - val_F1 0.9101 - val_ACC 0.9999
epoch [448/500] lr: 0.001282 train_loss : 0.0526, train_iou: 0.9024 - val_loss 0.0920 - val_iou 0.8516 - val_SE 0.9122 - val_PC 0.9054 - val_F1 0.9085 - val_ACC 0.9999
epoch [449/500] lr: 0.001259 train_loss : 0.0514, train_iou: 0.9039 - val_loss 0.0911 - val_iou 0.8531 - val_SE 0.9120 - val_PC 0.9071 - val_F1 0.9093 - val_ACC 0.9999
epoch [450/500] lr: 0.001236 train_loss : 0.0514, train_iou: 0.9045 - val_loss 0.0903 - val_iou 0.8545 - val_SE 0.9128 - val_PC 0.9081 - val_F1 0.9102 - val_ACC 0.9999
epoch [451/500] lr: 0.001214 train_loss : 0.0514, train_iou: 0.9042 - val_loss 0.0884 - val_iou 0.8576 - val_SE 0.9154 - val_PC 0.9092 - val_F1 0.9121 - val_ACC 0.9999
epoch [452/500] lr: 0.001191 train_loss : 0.0493, train_iou: 0.9081 - val_loss 0.0890 - val_iou 0.8568 - val_SE 0.9135 - val_PC 0.9098 - val_F1 0.9115 - val_ACC 0.9999
epoch [453/500] lr: 0.001168 train_loss : 0.0502, train_iou: 0.9067 - val_loss 0.0901 - val_iou 0.8551 - val_SE 0.9123 - val_PC 0.9090 - val_F1 0.9104 - val_ACC 0.9999
epoch [454/500] lr: 0.001145 train_loss : 0.0496, train_iou: 0.9078 - val_loss 0.0893 - val_iou 0.8568 - val_SE 0.9138 - val_PC 0.9092 - val_F1 0.9113 - val_ACC 0.9999
epoch [455/500] lr: 0.001122 train_loss : 0.0483, train_iou: 0.9098 - val_loss 0.0907 - val_iou 0.8540 - val_SE 0.9139 - val_PC 0.9064 - val_F1 0.9099 - val_ACC 0.9999
epoch [456/500] lr: 0.001099 train_loss : 0.0489, train_iou: 0.9088 - val_loss 0.0919 - val_iou 0.8518 - val_SE 0.9130 - val_PC 0.9048 - val_F1 0.9086 - val_ACC 0.9999
epoch [457/500] lr: 0.001076 train_loss : 0.0490, train_iou: 0.9088 - val_loss 0.0923 - val_iou 0.8515 - val_SE 0.9108 - val_PC 0.9059 - val_F1 0.9082 - val_ACC 0.9999
epoch [458/500] lr: 0.001053 train_loss : 0.0533, train_iou: 0.9007 - val_loss 0.0912 - val_iou 0.8538 - val_SE 0.9111 - val_PC 0.9080 - val_F1 0.9093 - val_ACC 0.9999
epoch [459/500] lr: 0.001030 train_loss : 0.0506, train_iou: 0.9059 - val_loss 0.0919 - val_iou 0.8522 - val_SE 0.9119 - val_PC 0.9062 - val_F1 0.9087 - val_ACC 0.9999
epoch [460/500] lr: 0.001007 train_loss : 0.0491, train_iou: 0.9085 - val_loss 0.0902 - val_iou 0.8546 - val_SE 0.9123 - val_PC 0.9087 - val_F1 0.9103 - val_ACC 0.9999
epoch [461/500] lr: 0.000983 train_loss : 0.0488, train_iou: 0.9088 - val_loss 0.0923 - val_iou 0.8518 - val_SE 0.9106 - val_PC 0.9062 - val_F1 0.9082 - val_ACC 0.9999
epoch [462/500] lr: 0.000960 train_loss : 0.0493, train_iou: 0.9084 - val_loss 0.0909 - val_iou 0.8539 - val_SE 0.9107 - val_PC 0.9088 - val_F1 0.9096 - val_ACC 0.9999
epoch [463/500] lr: 0.000937 train_loss : 0.0478, train_iou: 0.9111 - val_loss 0.0915 - val_iou 0.8532 - val_SE 0.9091 - val_PC 0.9093 - val_F1 0.9090 - val_ACC 0.9999
epoch [464/500] lr: 0.000913 train_loss : 0.0500, train_iou: 0.9071 - val_loss 0.0930 - val_iou 0.8505 - val_SE 0.9079 - val_PC 0.9074 - val_F1 0.9075 - val_ACC 0.9999
epoch [465/500] lr: 0.000890 train_loss : 0.0478, train_iou: 0.9112 - val_loss 0.0896 - val_iou 0.8555 - val_SE 0.9127 - val_PC 0.9095 - val_F1 0.9109 - val_ACC 0.9999
epoch [466/500] lr: 0.000866 train_loss : 0.0471, train_iou: 0.9124 - val_loss 0.0881 - val_iou 0.8584 - val_SE 0.9138 - val_PC 0.9114 - val_F1 0.9124 - val_ACC 0.9999
epoch [467/500] lr: 0.000843 train_loss : 0.0467, train_iou: 0.9130 - val_loss 0.0900 - val_iou 0.8550 - val_SE 0.9142 - val_PC 0.9074 - val_F1 0.9105 - val_ACC 0.9999
epoch [468/500] lr: 0.000819 train_loss : 0.0500, train_iou: 0.9068 - val_loss 0.0908 - val_iou 0.8541 - val_SE 0.9120 - val_PC 0.9080 - val_F1 0.9097 - val_ACC 0.9999
